1681890139.4590607 > can send 8001 01000011001F01130D
1681890139.4609354 < rcv 100 2100002F01C8336C42208B5DB800000000230D3E16005050 e B F r f-1
1681890139.461665 > can send 8002 01000011001F01130D
1681890139.4629152 < rcv 200 2100002F01A2CB824208E3A7B800000000230D3F15005050 e B F r f-1
1681890139.4667084 > can send 8001 01000011001F01130D
1681890139.4678938 < rcv 100 2100002F01C8336C427F5032B800000000230D3E16005050 e B F r f-1
1681890139.4682732 > can send 8002 01000011001F01130D
1681890139.46945 < rcv 200 2100002F01A2CB8242F289323900000000230D3F15005050 e B F r f-1
1681890139.4736865 > can send 8001 01000A0C06200000C07F00000000CDCC4CBE0000000000000000000080400D290000000011001F01130D
1681890139.475561 < rcv 100 2100002F01C8336C42ACD22AB700000000230D3E16005050 e B F r f-1
1681890139.4761264 > can send 8002 01000A0C06200000C07F00000000CDCC4CBE0000000000000000000080400D290000000011001F01130D
1681890139.478012 < rcv 200 2100002F01A2CB8242D5C9F63900000000230D3F15005050 e B F r f-1
1681890139.4905777 > can send 8001 01000A0C06200000C07F0000000053EA86BE0000000000000000000080400D290000000011001F01130D
1681890139.4926422 < rcv 100 21000A2F01C8336C42D7327C38181391BE230D3E16005050 e B F r f-1
1681890139.493329 > can send 8002 01000A0C06200000C07F00000000ADA78DBE0000000000000000000080400D290000000011001F01130D
1681890139.4954107 < rcv 200 21000A2F01A2CB8242FCE02FB9937386BE230D3F15005050 e B F r f-1
1681890139.5023317 > can send 8001 01000A0C06200000C07F00000000F1A986BE0000000000000000000080400D290000000011001F01130D
1681890139.5043697 < rcv 100 21000A2F01E4336C42D0DCFD3BE7FB84BE230D3E16005050 e B F r f-1
1681890139.5049732 > can send 8002 01000A0C06200000C07F000000004B678DBE0000000000000000000080400D290000000011001F01130D
1681890139.5069277 < rcv 200 21000A2F01A2CB82422E32C5B973E79EBE230D3F15005050 e B F r f-1
1681890139.518218 > can send 8001 01000A0C06200000C07F000000009F008ABE0000000000000000000080400D290000000011001F01130D
1681890139.5204165 < rcv 100 21000A2F012C346C42DE50853C464473BE230D3E16005050 e B F r f-1
1681890139.521019 > can send 8002 01000A0C06200000C07F00000000F9BD90BE0000000000000000000080400D290000000011001F01130D
1681890139.5229352 < rcv 200 21000A2F01C6CB8242349E693C24E99EBE230D3F15005050 e B F r f-1
1681890139.529658 > can send 8001 01000A0C06200000C07F00000000326694BE0000000000000000000080400D290000000011001F01130D
1681890139.5316856 < rcv 100 21000A2F0184346C42E757D63C94B491BE230D3E16005050 e B F r f-1
1681890139.5322952 > can send 8002 01000A0C06200000C07F000000008C239BBE0000000000000000000080400D290000000011001F01130D
1681890139.5342183 < rcv 200 21000A2F01E8CB82427A5C9A3C657486BE230D3F15005050 e B F r f-1
1681890139.5397394 > can send 8001 01000A0C06200000C07F000000008C1D3ABE0000000000000000000080400D290000000011001F01130D
1681890139.5416346 < rcv 100 21000A2F01D0346C4286D3DF3C2DA491BE230D3E16005050 e B F r f-1
1681890139.5422454 > can send 8002 01000A0C06200000C07F00000000B56F46BE0000000000000000000080400D290000000011001F01130D
1681890139.5447614 < rcv 200 21000A2F0114CC8242C904E63CCA7574BE230D3F15005050 e B F r f-1
1681890139.5516896 > can send 8001 01000A0C06200000C07F00000000722A70BE0000000000000000000080400D290000000011001F01130D
1681890139.5536304 < rcv 100 21000A2F0120356C4272E3D43CA06441BE230D3E16005050 e B F r f-1
1681890139.554216 > can send 8002 01000A0C06200000C07F000000004B9F7CBE0000000000000000000080400D290000000011001F01130D
1681890139.5561068 < rcv 200 21000A2F0152CC8242F60E153D489BC3BD230D3F15005050 e B F r f-1
1681890139.5631926 > can send 8001 01000A0C06200000C07F0000000020C076BE0000000000000000000080400D290000000011001F01130D
1681890139.5652494 < rcv 100 21000A2F0184356C42ECD4F53C12B159BE230D3E16005050 e B F r f-1
1681890139.5658514 > can send 8002 01000A0C06200000C07F000000007C9A81BE0000000000000000000080400D290000000011001F01130D
1681890139.5677662 < rcv 200 21000A2F0192CC82426B73253D46AC92BE230D3F15005050 e B F r f-1
1681890139.5800118 > can send 8001 01000A0C06200000C07F00000000D0802EBE0000000000000000000080400D290000000011001F01130D
1681890139.5829303 < rcv 100 21000A2F0104366C4206F6E03C12FA84BE230D3E16005050 e B F r f-1
1681890139.586415 > can send 8002 01000A0C06200000C07F000000007C033BBE0000000000000000000080400D290000000011001F01130D
1681890139.5886664 < rcv 200 21000A2F01FCCC82422CBD293D55D94FBF230D3F15005050 e B F r f-1
1681890139.5931678 > can send 8001 01000A0C06200000C07F0000000031A444BE0000000000000000000080400D290000000011001F01130D
1681890139.5951352 < rcv 100 21000A2F014C366C42EC46BE3C280391BD230D3E16005050 e B F r f-1
1681890139.5957313 > can send 8002 01000A0C06200000C07F00000000CC4547BE0000000000000000000080400D290000000011001F01130D
1681890139.5976336 < rcv 200 21000A2F0130CD824204E22E3DC28F43BE230D3F15005050 e B F r f-1
1681890139.602377 > can send 8001 01000A0C06200000C07F00000000A0347BBE0000000000000000000080400D290000000011001F01130D
1681890139.6043327 < rcv 100 21000A2F0174366C424B80923C069D59BE230D3E16005050 e B F r f-1
1681890139.604944 > can send 8002 01000A0C06200000C07F00000000F1D178BE0000000000000000000080400D290000000011001F01130D
1681890139.6068733 < rcv 200 21000A2F0168CD8242B926373D5E202BBE230D3F15005050 e B F r f-1
1681890139.6109555 > can send 8001 01000A0C06200000C07F00000000A59078BE0000000000000000000080400D290000000011001F01130D
1681890139.6129427 < rcv 100 21000A2F0194366C42E70E663C4AFC84BE230D3E16005050 e B F r f-1
1681890139.6135786 > can send 8002 01000A0C06200000C07F00000000F62D76BE0000000000000000000080400D290000000011001F01130D
1681890139.615512 < rcv 200 21000A2F0192CD824296E1273D40AC92BE230D3F15005050 e B F r f-1
1681890139.6196423 > can send 8001 01000A0C06200000C07F0000000083876DBE0000000000000000000080400D290000000011001F01130D
1681890139.621692 < rcv 100 21000A2F01B0366C42733F4C3CB4FB84BE230D3E16005050 e B F r f-1
1681890139.6222515 > can send 8002 01000A0C06200000C07F000000005CE66ABE0000000000000000000080400D290000000011001F01130D
1681890139.6241562 < rcv 200 21000A2F01C8CD82428408323D927386BE230D3F15005050 e B F r f-1
1681890139.6294556 > can send 8001 01000A0C06200000C07F000000008B3197BE0000000000000000000080400D290000000011001F01130D
1681890139.6314898 < rcv 100 21000A2F01D0366C424D7E383C749B59BE230D3E16005050 e B F r f-1
1681890139.6320405 > can send 8002 01000A0C06200000C07F00000000378693BE0000000000000000000080400D290000000011001F01130D
1681890139.6340199 < rcv 200 21000A2F0104CE8242777F393D257474BE230D3F15005050 e B F r f-1
1681890139.6388135 > can send 8001 01000A0C06200000C07F00000000419E97BE0000000000000000000080400D290000000011001F01130D
1681890139.6407886 < rcv 100 21000A2F01CC366C423C956F3BAE299DBE230D3E16005050 e B F r f-1
1681890139.6414056 > can send 8002 01000A0C06200000C07F00000000EEF293BE0000000000000000000080400D290000000011001F01130D
1681890139.6440325 < rcv 200 21000A2F0130CE824282FD283D73E69EBE230D3F15005050 e B F r f-1
1681890139.6565638 > can send 8001 01000A0C06200000C07F00000000042EF0BD0000000000000000000080400D290000000011001F01130D
1681890139.6586661 < rcv 100 21000A2F01EC366C4239B47B3B0C85CDBE230D3E16005050 e B F r f-1
1681890139.659214 > can send 8002 01000A0C06200000C07F00000000AD72DCBD0000000000000000000080400D290000000011001F01130D
1681890139.6611702 < rcv 200 21000A2F0194CE8242ADA02E3DC2E59EBE230D3F15005050 e B F r f-1
1681890139.6648579 > can send 8001 01000A0C06200000C07F000000006DCA02BE0000000000000000000080400D290000000011001F01130D
1681890139.6667702 < rcv 100 21000A2F01EC366C425304A43A6BC9F1BD230D3E16005050 e B F r f-1
1681890139.667329 > can send 8002 01000A0C06200000C07F0000000053DDE1BD0000000000000000000080400D290000000011001F01130D
1681890139.6693676 < rcv 200 21000A2F01B8CE82425B461B3D8BB592BD230D3F15005050 e B F r f-1
1681890139.6735098 > can send 8001 01000A0C06200000C07F00000000CAFAA0BE0000000000000000000080400D290000000011001F01130D
1681890139.6754556 < rcv 100 21000A2F01EC366C42964BAD39EC7FC1BC230D3E16005050 e B F r f-1
1681890139.6760135 > can send 8002 01000A0C06200000C07F0000000069BD99BE0000000000000000000080400D290000000011001F01130D
1681890139.677967 < rcv 200 21000A2F01E2CE824271B91A3D239343BE230D3F15005050 e B F r f-1
1681890139.6858947 > can send 8001 01000A0C06200000C07F000000007B38BABE0000000000000000000080400D290000000011001F01130D
1681890139.6879818 < rcv 100 21000A2F01EC366C424215173850FB84BE230D3E16005050 e B F r f-1
1681890139.6885793 > can send 8002 01000A0C06200000C07F000000005AC7B0BE0000000000000000000080400D290000000011001F01130D
1681890139.690507 < rcv 200 21000A2F0118CF82423A14113D4A56B7BE230D3F15005050 e B F r f-1
1681890139.6952026 > can send 8001 01000A0C06200000C07F000000000E5A55BE0000000000000000000080400D290000000011001F01130D
1681890139.6972594 < rcv 100 21000A2F01EC366C4264F996B6D79BD9BE230D3E16005050 e B F r f-1
1681890139.6978636 > can send 8002 01000A0C06200000C07F000000007FC747BE0000000000000000000080400D290000000011001F01130D
1681890139.6997833 < rcv 200 21000A2F013CCF82428ADA003DBB67DCBE230D3F15005050 e B F r f-1
1681890139.7064798 > can send 8001 01000A0C06200000C07F00000000D5F351BE0000000000000000000080400D290000000011001F01130D
1681890139.7083983 < rcv 100 21000A2F01EC366C42856F5AB8406E41BE230D3E16005050 e B F r f-1
1681890139.7089586 > can send 8002 01000A0C06200000C07F00000000466144BE0000000000000000000080400D290000000011001F01130D
1681890139.7108533 < rcv 200 21000A2F015CCF82422B1CC33CD9C305BE230D3F15005050 e B F r f-1
1681890139.7236578 > can send 8001 01000A0C06200000C07F00000000487C98BD0000000000000000000080400D290000000011001F01130D
1681890139.7256923 < rcv 100 21000A2F01EC366C42307C9F32B3FB84BE230D3E16005050 e B F r f-1
1681890139.726203 > can send 8002 01000A0C06200000C07F0000000036CE8BBD0000000000000000000080400D290000000011001F01130D
1681890139.7281451 < rcv 200 21000A2F0194CF824284ABAF3C1C635ABE230D3F15005050 e B F r f-1
1681890139.7320836 > can send 8001 01000A0C06200000C07F00000000B55783BE0000000000000000000080400D290000000011001F01130D
1681890139.7341475 < rcv 100 21000A2F01EC366C42DEB614381373C13C230D3E16005050 e B F r f-1
1681890139.7346761 > can send 8002 01000A0C06200000C07F00000000E1FC7FBE0000000000000000000080400D290000000011001F01130D
1681890139.736637 < rcv 200 21000A2F01A8CF8242CABD8B3CF9C0F5BD230D3F15005050 e B F r f-1
1681890139.744695 > can send 8001 01000A0C06200000C07F00000000D2328CBD0000000000000000000080400D290000000011001F01130D
1681890139.7466826 < rcv 100 21000A2F01EC366C42DBAC1738426E41BE230D3E16005050 e B F r f-1
1681890139.7472599 > can send 8002 01000A0C06200000C07F00000000FB0386BD0000000000000000000080400D290000000011001F01130D
1681890139.7492158 < rcv 200 21000A2F01B4CF824237493B3C365C86BE230D3F15005050 e B F r f-1
1681890139.7530282 > can send 8001 01000A0C06200000C07F000000000C24003D0000000000000000000080400D290000000011001F01130D
1681890139.755082 < rcv 100 21000A2F01EC366C42AC2387356681CDB5230D3E16005050 e B F r f-1
1681890139.755619 > can send 8002 01000A0C06200000C07F00000000BD93DF3C0000000000000000000080400D290000000011001F01130D
1681890139.7575116 < rcv 200 21000A2F01B4CF82427BD1953B5D6D92BD230D3F15005050 e B F r f-1
1681890139.761322 > can send 8001 01000A0C06200000C07F00000000398E183D0000000000000000000080400D290000000011001F01130D
1681890139.7632785 < rcv 100 21000A2F01EC366C429E3A0FB8DC6FC13C230D3E16005050 e B F r f-1
1681890139.7638493 > can send 8002 01000A0C06200000C07F000000000C34083D0000000000000000000080400D290000000011001F01130D
1681890139.765723 < rcv 200 21000A2F01B4CF82420F9AB83A7791C33D230D3F15005050 e B F r f-1
1681890139.769333 > can send 8001 01000A0C06200000C07F000000003EA926BE0000000000000000000080400D290000000011001F01130D
1681890139.7712793 < rcv 100 21000A2F01EC366C42D7916EB8CF6FC13C230D3E16005050 e B F r f-1
1681890139.7718277 > can send 8002 01000A0C06200000C07F00000000CABF2ABE0000000000000000000080400D290000000011001F01130D
1681890139.7736952 < rcv 200 21000A2F01B4CF82423C38A2395098C33C230D3F15005050 e B F r f-1
1681890139.7773771 > can send 8001 01000A0C06200000C07F00000000B21747BE0000000000000000000080400D290000000011001F01130D
1681890139.7797577 < rcv 100 21000A2F01EC366C421250B0B7EA1111BE230D3E16005050 e B F r f-1
1681890139.7802851 > can send 8002 01000A0C06200000C07F0000000038B34EBE0000000000000000000080400D290000000011001F01130D
1681890139.7823095 < rcv 200 21000A2F01B4CF82428E033CB86E1E2BBE230D3F15005050 e B F r f-1
1681890139.7866726 > can send 8001 01000A0C06200000C07F000000008ACF46BE0000000000000000000080400D290000000011001F01130D
1681890139.790073 < rcv 100 21000A2F01CC366C42D591FFBB3D9C59BE230D3E16005050 e B F r f-1
1681890139.7932365 > can send 8002 01000A0C06200000C07F000000000F6B4EBE0000000000000000000080400D290000000011001F01130D
1681890139.7957773 < rcv 200 21000A2F01A6CF8242D0A00ABC2C9343BE230D3F15005050 e B F r f-1
1681890139.8055522 > can send 8001 01000A0C06200000C07F000000002BCEC9BE0000000000000000000080400D290000000011001F01130D
1681890139.8075192 < rcv 100 21000A2F01A8366C426F1DA4BBE33F29BE230D3E16005050 e B F r f-1
1681890139.808087 > can send 8002 01000A0C06200000C07F00000000EE9BCDBE0000000000000000000080400D290000000011001F01130D
1681890139.810048 < rcv 200 21000A2F01A2CF8242654723BB947386BE230D3F15005050 e B F r f-1
1681890139.8137872 > can send 8001 01000A0C06200000C07F000000004A6CDDBE0000000000000000000080400D290000000011001F01130D
1681890139.8164654 < rcv 100 21000A2F01A8366C42A187D6BA3D9CD9BE230D3E16005050 e B F r f-1
1681890139.818374 > can send 8002 01000A0C06200000C07F00000000B80DE5BE0000000000000000000080400D290000000011001F01130D
1681890139.8202617 < rcv 200 21000A2F01A2CF8242EC8FFFB9C458B7BE230D3F15005050 e B F r f-1
1681890139.826371 > can send 8001 01000A0C06200000C07F00000000811CB9BE0000000000000000000080400D290000000011001F01130D
1681890139.8282888 < rcv 100 21000A2F01C0366C4247EFE83BD4B2E5BE230D3E16005050 e B F r f-1
1681890139.828819 > can send 8002 01000A0C06200000C07F0000000059E2C0BE0000000000000000000080400D290000000011001F01130D
1681890139.8307667 < rcv 200 21000A2F01A2CF82425E1763383D5700BF230D3F15005050 e B F r f-1
1681890139.8397949 > can send 8001 01000A0C06200000C07F000000003D7FB4BE0000000000000000000080400D290000000011001F01130D
1681890139.841787 < rcv 100 21000A2F0114376C42FA6DA63C736EC1BE230D3E16005050 e B F r f-1
1681890139.8423443 > can send 8002 01000A0C06200000C07F00000000EA91BCBE0000000000000000000080400D290000000011001F01130D
1681890139.844445 < rcv 200 21000A2F01AACF82425A56AF3B46C9CFBE230D3F15005050 e B F r f-1
1681890139.8533185 > can send 8001 01000A0C06200000C07F000000009AA6C2BE0000000000000000000080400D290000000011001F01130D
1681890139.855763 < rcv 100 21000A2F0174376C42EB82C43CA857B5BE230D3E16005050 e B F r f-1
1681890139.85629 > can send 8002 01000A0C06200000C07F00000000AA59C8BE0000000000000000000080400D290000000011001F01130D
1681890139.858139 < rcv 200 21000A2F01DCCF8242282BB83C3C56B7BE230D3F15005050 e B F r f-1
1681890139.8622215 > can send 8001 01000A0C06200000C07F00000000F3D8A6BE0000000000000000000080400D290000000011001F01130D
1681890139.864248 < rcv 100 21000A2F01BC376C42913FEE3C1257B5BE230D3E16005050 e B F r f-1
1681890139.8647988 > can send 8002 01000A0C06200000C07F0000000023FBAABE0000000000000000000080400D290000000011001F01130D
1681890139.8666854 < rcv 200 21000A2F010ED0824235F5083D053EE8BE230D3F15005050 e B F r f-1
1681890139.8735018 > can send 8001 01000A0C06200000C07F000000007739ACBE0000000000000000000080400D290000000011001F01130D
1681890139.875509 < rcv 100 21000A2F0110386C42EE93E93CB11291BE230D3E16005050 e B F r f-1
1681890139.8760514 > can send 8002 01000A0C06200000C07F00000000715BB0BE0000000000000000000080400D290000000011001F01130D
1681890139.8779905 < rcv 200 21000A2F0144D082421D21143DA103DCBE230D3F15005050 e B F r f-1
1681890139.8838 > can send 8001 01000A0C06200000C07F00000000B26A6ABE0000000000000000000080400D290000000011001F01130D
1681890139.885741 < rcv 100 21000A2F0154386C42705DD23CE156B5BE230D3E16005050 e B F r f-1
1681890139.8862936 > can send 8002 01000A0C06200000C07F00000000296C73BE0000000000000000000080400D290000000011001F01130D
1681890139.888184 < rcv 200 21000A2F0172D08242F7C1123D7191C3BE230D3F15005050 e B F r f-1
1681890139.8919291 > can send 8001 01000A0C06200000C07F00000000015520BE0000000000000000000080400D290000000011001F01130D
1681890139.893988 < rcv 100 21000A2F018C386C4229B9D93C6EC971BE230D3E16005050 e B F r f-1
1681890139.8946702 > can send 8002 01000A0C06200000C07F0000000089DC28BE0000000000000000000080400D290000000011001F01130D
1681890139.896618 < rcv 200 21000A2F0198D08242D6CF0F3D22015CBE230D3F15005050 e B F r f-1
1681890139.909058 > can send 8001 01000A0C06200000C07F00000000689F50BD0000000000000000000080400D290000000011001F01130D
1681890139.911131 < rcv 100 21000A2F01D0386C427F55863CD96D41BE230D3E16005050 e B F r f-1
1681890139.9117146 > can send 8002 01000A0C06200000C07F0000000006EA6EBD0000000000000000000080400D290000000011001F01130D
1681890139.9137254 < rcv 200 21000A2F01D6D082428450E13CD6035CBE230D3F15005050 e B F r f-1
1681890139.9178987 > can send 8001 01000A0C06200000C07F00000000742B13BD0000000000000000000080400D290000000011001F01130D
1681890139.9199295 < rcv 100 21000A2F01CC386C42829DC73BDB6F41BD230D3E16005050 e B F r f-1
1681890139.920476 > can send 8002 01000A0C06200000C07F00000000127631BD0000000000000000000080400D290000000011001F01130D
1681890139.9223454 < rcv 200 21000A2F01E8D082426E03AD3CA08A43BD230D3F15005050 e B F r f-1
1681890139.9270663 > can send 8001 01000A0C06200000C07F00000000E9A1B0BC0000000000000000000080400D290000000011001F01130D
1681890139.9289756 < rcv 100 21000A2F01C8386C423D3DDA3ACB9B4DB6230D3E16005050 e B F r f-1
1681890139.9295967 > can send 8002 01000A0C06200000C07F000000002537EDBC0000000000000000000080400D290000000011001F01130D
1681890139.9314585 < rcv 200 21000A2F01F6D082428C79843CF8A792BD230D3F15005050 e B F r f-1
1681890139.9352186 > can send 8001 01000A0C06200000C07F0000000086F9C0BD0000000000000000000080400D290000000011001F01130D
1681890139.9372556 < rcv 100 21000A2F01C8386C426E6FF4396F69C13C230D3E16005050 e B F r f-1
1681890139.9378452 > can send 8002 01000A0C06200000C07F00000000AE3DC4BD0000000000000000000080400D290000000011001F01130D
1681890139.9401674 < rcv 200 21000A2F01F6D082420CB6F33BA08A433E230D3F15005050 e B F r f-1
1681890139.9455059 > can send 8001 01000A0C06200000C07F000000001863AFBD0000000000000000000080400D290000000011001F01130D
1681890139.9474285 < rcv 100 21000A2F01C8386C42541EB138EC6BC1BD230D3E16005050 e B F r f-1
1681890139.9479885 > can send 8002 01000A0C06200000C07F000000003FA7B2BD0000000000000000000080400D290000000011001F01130D
1681890139.9498575 < rcv 200 21000A2F01F6D08242F4C4EE3AD9212BBE230D3F15005050 e B F r f-1
1681890139.953949 > can send 8001 01000A0C06200000C07F0000000065C4A4BD0000000000000000000080400D290000000011001F01130D
1681890139.9559348 < rcv 100 21000A2F01B4386C42D5F3E6BB35CAF1BD230D3E16005050 e B F r f-1
1681890139.9564903 > can send 8002 01000A0C06200000C07F000000008D08A8BD0000000000000000000080400D290000000011001F01130D
1681890139.95833 < rcv 200 21000A2F01F6D08242BCAADD39897D43BD230D3F15005050 e B F r f-1
1681890139.9643056 > can send 8001 01000A0C06200000C07F00000000A86A9DBD0000000000000000000080400D290000000011001F01130D
1681890139.9662766 < rcv 100 21000A2F0180386C4211FE5CBC669D59BE230D3E16005050 e B F r f-1
1681890139.9668288 > can send 8002 01000A0C06200000C07F00000000D0AEA0BD0000000000000000000080400D290000000011001F01130D
1681890139.9687052 < rcv 200 21000A2F01F4D08242B4369ABAD08A43BD230D3F15005050 e B F r f-1
1681890139.9747632 > can send 8001 01000A0C06200000C07F0000000036D183BE0000000000000000000080400D290000000011001F01130D
1681890139.9767518 < rcv 100 21000A2F0148386C42743B91BCB36CC1BC230D3E16005050 e B F r f-1
1681890139.9773605 > can send 8002 01000A0C06200000C07F000000006DB787BE0000000000000000000080400D290000000011001F01130D
1681890139.9792461 < rcv 200 21000A2F01DAD08242C9E146BCCF5F373F230D3F15005050 e B F r f-1
1681890139.986292 > can send 8001 01000A0C06200000C07F000000009487A2BE0000000000000000000080400D290000000011001F01130D
1681890139.9882731 < rcv 100 21000A2F0130386C42525E4BBC0A9D59BE230D3E16005050 e B F r f-1
1681890139.9888325 > can send 8002 01000A0C06200000C07F0000000003EBA9BE0000000000000000000080400D290000000011001F01130D
1681890139.9907029 < rcv 200 21000A2F01D2D08242491AD4BB9AAC92BE230D3F15005050 e B F r f-1
1681890140.0019395 > can send 8001 01000A0C06200000C07F0000000000BBB4BE0000000000000000000080400D290000000011001F01130D
1681890140.004211 < rcv 100 21000A2F0124386C42FCCE5BBB19FC84BE230D3E16005050 e B F r f-1
1681890140.0047882 > can send 8002 01000A0C06200000C07F0000000074A8BBBE0000000000000000000080400D290000000011001F01130D
1681890140.006783 < rcv 200 21000A2F01C2D08242F51B82BB0894C3BE230D3F15005050 e B F r f-1
1681890140.015289 > can send 8001 01000A0C06200000C07F00000000E5CDB9BE0000000000000000000080400D290000000011001F01130D
1681890140.0212138 < rcv 100 21000A2F0124386C420BFAF3B97657B5BE230D3E16005050 e B F r f-1
1681890140.0219562 > can send 8002 01000A0C06200000C07F0000000059BBC0BE0000000000000000000080400D290000000011001F01130D
1681890140.0275548 < rcv 200 21000A2F01C2D08242E2D549B98B7774BE230D3F15005050 e B F r f-1
1681890140.0417516 > can send 8001 01000A0C06200000C07F00000000335BA2BE0000000000000000000080400D290000000011001F01130D
1681890140.04381 < rcv 100 21000A2F01D0386C42AFD8C93C7185CDBE230D3E16005050 e B F r f-1
1681890140.0443995 > can send 8002 01000A0C06200000C07F000000002CCEA8BE0000000000000000000080400D290000000011001F01130D
1681890140.0462873 < rcv 200 21000A2F010ED18242C871F13C9859B7BE230D3F15005050 e B F r f-1
1681890140.0502243 > can send 8001 01000A0C06200000C07F00000000D0ECBABE0000000000000000000080400D290000000011001F01130D
1681890140.0530708 < rcv 100 21000A2F010C396C42C0B4D53CB4FB84BE230D3E16005050 e B F r f-1
1681890140.056588 > can send 8002 01000A0C06200000C07F00000000C95FC1BE0000000000000000000080400D290000000011001F01130D
1681890140.0586812 < rcv 200 21000A2F0148D1824201CC0B3D6BE79EBE230D3F15005050 e B F r f-1
1681890140.0706358 > can send 8001 01000A0C06200000C07F000000000C76D2BE0000000000000000000080400D290000000011001F01130D
1681890140.0727339 < rcv 100 21000A2F01A8396C429DF5EC3C4540A9BE230D3E16005050 e B F r f-1
1681890140.0733964 > can send 8002 01000A0C06200000C07F000000002BEAD6BE0000000000000000000080400D290000000011001F01130D
1681890140.0753415 < rcv 200 21000A2F01A4D18242CFAC263D513CE8BE230D3F15005050 e B F r f-1
1681890140.0827174 > can send 8001 01000A0C06200000C07F000000001E46D8BE0000000000000000000080400D290000000011001F01130D
1681890140.0846345 < rcv 100 21000A2F01003A6C420663EE3C0C85CDBE230D3E16005050 e B F r f-1
1681890140.085286 > can send 8002 01000A0C06200000C07F000000002D13DCBE0000000000000000000080400D290000000011001F01130D
1681890140.0872607 < rcv 200 21000A2F01E6D182428DCE2A3D753BE8BE230D3F15005050 e B F r f-1
1681890140.093465 > can send 8001 01000A0C06200000C07F000000005F04D9BE0000000000000000000080400D290000000011001F01130D
1681890140.0954256 < rcv 100 21000A2F01543A6C425BD2EE3CD884CDBE230D3E16005050 e B F r f-1
1681890140.0959878 > can send 8002 01000A0C06200000C07F000000006ED1DCBE0000000000000000000080400D290000000011001F01130D
1681890140.0978484 < rcv 200 21000A2F012ED28242E77E413D46C9CFBE230D3F15005050 e B F r f-1
1681890140.1056645 > can send 8001 01000A0C06200000C07F000000001EF4F0BE0000000000000000000080400D290000000011001F01130D
1681890140.1076763 < rcv 100 21000A2F01BC3A6C42FBC1FF3CD1C9F1BE230D3E16005050 e B F r f-1
1681890140.1082256 > can send 8002 01000A0C06200000C07F00000000AD67F1BE0000000000000000000080400D290000000011001F01130D
1681890140.1100912 < rcv 200 21000A2F018CD2824261A65E3DCC75F4BE230D3F15005050 e B F r f-1
1681890140.1169245 > can send 8001 01000A0C06200000C07F000000004568C6BE0000000000000000000080400D290000000011001F01130D
1681890140.1189067 < rcv 100 21000A2F01243B6C42DC590D3DDB84CDBE230D3E16005050 e B F r f-1
1681890140.119454 > can send 8002 01000A0C06200000C07F00000000AC9EC3BE0000000000000000000080400D290000000011001F01130D
1681890140.1213665 < rcv 200 21000A2F01F0D28242333C833D7677F4BE230D3F15005050 e B F r f-1
1681890140.1254203 > can send 8001 01000A0C06200000C07F0000000037BCDDBE0000000000000000000080400D290000000011001F01130D
1681890140.1273103 < rcv 100 21000A2F01743B6C4201E60F3D6F85CDBE230D3E16005050 e B F r f-1
1681890140.12785 > can send 8002 01000A0C06200000C07F00000000A370DABE0000000000000000000080400D290000000011001F01130D
1681890140.1298754 < rcv 200 21000A2F013ED38242ED108B3D687486BE230D3F15005050 e B F r f-1
1681890140.1417005 > can send 8001 01000A0C06200000C07F000000001FB7F5BE0000000000000000000080400D290000000011001F01130D
1681890140.1436844 < rcv 100 21000A2F011C3C6C4256EF1B3D66CAF1BE230D3E16005050 e B F r f-1
1681890140.144271 > can send 8002 01000A0C06200000C07F00000000065BF0BE0000000000000000000080400D290000000011001F01130D
1681890140.1461468 < rcv 200 21000A2F01E4D382429E689C3DA703DCBE230D3F15005050 e B F r f-1
1681890140.1513412 > can send 8001 01000A0C06200000C07F00000000AA5AEBBE0000000000000000000080400D290000000011001F01130D
1681890140.153345 < rcv 100 21000A2F01983C6C423C52383D0DB2E5BE230D3E16005050 e B F r f-1
1681890140.153905 > can send 8002 01000A0C06200000C07F000000003B85E5BE0000000000000000000080400D290000000011001F01130D
1681890140.1557894 < rcv 200 21000A2F0156D48242B34FAC3DD7CBCFBE230D3F15005050 e B F r f-1
1681890140.1635456 > can send 8001 01000A0C06200000C07F00000000E835F2BE0000000000000000000080400D290000000011001F01130D
1681890140.1655567 < rcv 100 21000A2F012C3D6C4246D23D3D3BB3E5BE230D3E16005050 e B F r f-1
1681890140.1661012 > can send 8002 01000A0C06200000C07F000000007960ECBE0000000000000000000080400D290000000011001F01130D
1681890140.1680238 < rcv 200 21000A2F01E8D482423A89B73D97DFC1BE230D3F15005050 e B F r f-1
1681890140.171766 > can send 8001 01000A0C06200000C07F000000006E1508BF0000000000000000000080400D290000000011001F01130D
1681890140.1736653 < rcv 100 21000A2F019C3D6C42EB664C3DD3B2E5BE230D3E16005050 e B F r f-1
1681890140.1742165 > can send 8002 01000A0C06200000C07F00000000118003BF0000000000000000000080400D290000000011001F01130D
1681890140.1760721 < rcv 200 21000A2F014CD582423D1BBC3D32A514BF230D3F15005050 e B F r f-1
1681890140.1819792 > can send 8001 01000A0C06200000C07F00000000AF9D02BF0000000000000000000080400D290000000011001F01130D
1681890140.1838765 < rcv 100 21000A2F01383E6C423423653D9BE0FDBE230D3E16005050 e B F r f-1
1681890140.1844122 > can send 8002 01000A0C06200000C07F00000000560BFDBE0000000000000000000080400D290000000011001F01130D
1681890140.1863165 < rcv 200 21000A2F01CAD58242E50FBF3D1A3421BF230D3F15005050 e B F r f-1
1681890140.1911879 > can send 8001 01000A0C06200000C07F00000000737501BF0000000000000000000080400D290000000011001F01130D
1681890140.1934037 < rcv 100 21000A2F01CC3E6C4216C46F3D02E1FDBE230D3E16005050 e B F r f-1
1681890140.193971 > can send 8002 01000A0C06200000C07F00000000E573FABE0000000000000000000080400D290000000011001F01130D
1681890140.1958294 < rcv 200 21000A2F013ED682425C83BD3D7081DABE230D3F15005050 e B F r f-1
1681890140.1997023 > can send 8001 01000A0C06200000C07F00000000629C02BF0000000000000000000080400D290000000011001F01130D
1681890140.201763 < rcv 100 21000A2F01583F6C42575B7B3D6BE0FDBE230D3E16005050 e B F r f-1
1681890140.2023282 > can send 8002 01000A0C06200000C07F00000000C2C1FCBE0000000000000000000080400D290000000011001F01130D
1681890140.2042341 < rcv 200 21000A2F01AAD68242FD3FC43D9D5EF3BE230D3F15005050 e B F r f-1
1681890140.2110045 > can send 8001 01000A0C06200000C07F00000000711A07BF0000000000000000000080400D290000000011001F01130D
1681890140.2131653 < rcv 100 21000A2F0128406C42E76F893D39D859BF230D3E16005050 e B F r f-1
1681890140.2137115 > can send 8002 01000A0C06200000C07F0000000010DC03BF0000000000000000000080400D290000000011001F01130D
1681890140.2155764 < rcv 200 21000A2F0146D78242405DD13DE9BE12BF230D3F15005050 e B F r f-1
1681890140.2225246 > can send 8001 01000A0C06200000C07F00000000457C01BF0000000000000000000080400D290000000011001F01130D
1681890140.2244434 < rcv 100 21000A2F0108416C4244DB953DD76EF1BE230D3E16005050 e B F r f-1
1681890140.2249892 > can send 8002 01000A0C06200000C07F000000004A44FCBE0000000000000000000080400D290000000011001F01130D
1681890140.2268298 < rcv 200 21000A2F01E6D78242AD71D83DEB68F4BE230D3F15005050 e B F r f-1
1681890140.2307632 > can send 8001 01000A0C06200000C07F000000003CDD03BF0000000000000000000080400D290000000011001F01130D
1681890140.2328265 < rcv 100 21000A2F01B0416C4209589C3D92C9CFBE230D3E16005050 e B F r f-1
1681890140.2334735 > can send 8002 01000A0C06200000C07F000000001B8300BF0000000000000000000080400D290000000011001F01130D
1681890140.2353632 < rcv 200 21000A2F0172D88242DAF9ED3D968C0CBF230D3F15005050 e B F r f-1
1681890140.243373 > can send 8001 01000A0C06200000C07F000000003C0A07BF0000000000000000000080400D290000000011001F01130D
1681890140.2455034 < rcv 100 21000A2F01C4426C42C554A93DF8F8FDBE230D3E16005050 e B F r f-1
1681890140.2460954 > can send 8002 01000A0C06200000C07F0000000087E602BF0000000000000000000080400D290000000011001F01130D
1681890140.2480533 < rcv 200 21000A2F0148D982422A9B003E225700BF230D3F15005050 e B F r f-1
1681890140.2527573 > can send 8001 01000A0C06200000C07F00000000C16403BF0000000000000000000080400D290000000011001F01130D
1681890140.2546303 < rcv 100 21000A2F0194436C426156AC3D0CE304BF230D3E16005050 e B F r f-1
1681890140.255184 > can send 8002 01000A0C06200000C07F0000000006C9FBBE0000000000000000000080400D290000000011001F01130D
1681890140.2570653 < rcv 200 21000A2F01EAD98242F749073EC839E8BE230D3F15005050 e B F r f-1
1681890140.2625866 > can send 8001 01000A0C06200000C07F0000000031E910BF0000000000000000000080400D290000000011001F01130D
1681890140.2654645 < rcv 100 21000A2F0188446C421003BB3D917CCDBE230D3E16005050 e B F r f-1
1681890140.2660677 > can send 8002 01000A0C06200000C07F000000002B470BBF0000000000000000000080400D290000000011001F01130D
1681890140.2680097 < rcv 200 21000A2F01B4DA8242C54F0D3E68D303BF230D3F15005050 e B F r f-1
1681890140.2717206 > can send 8001 01000A0C06200000C07F00000000F90408BF0000000000000000000080400D290000000011001F01130D
1681890140.2738855 < rcv 100 21000A2F0188456C426571CF3D78532FBF230D3E16005050 e B F r f-1
1681890140.274436 > can send 8002 01000A0C06200000C07F0000000008E402BF0000000000000000000080400D290000000011001F01130D
1681890140.2762835 < rcv 200 21000A2F015EDB8242F723173EAE2314BF230D3F15005050 e B F r f-1
1681890140.2832687 > can send 8001 01000A0C06200000C07F00000000944A0CBF0000000000000000000080400D290000000011001F01130D
1681890140.2852077 < rcv 100 21000A2F01DC466C420526DE3D21DEFDBE230D3E16005050 e B F r f-1
1681890140.285755 > can send 8002 01000A0C06200000C07F00000000E91C07BF0000000000000000000080400D290000000011001F01130D
1681890140.2876177 < rcv 200 21000A2F0138DC8242AA10163E4BB408BF230D3F15005050 e B F r f-1
1681890140.2946148 > can send 8001 01000A0C06200000C07F000000009CA4FABE0000000000000000000080400D290000000011001F01130D
1681890140.2966087 < rcv 100 21000A2F0154486C42CED5F93D0A1211BF230D3E16005050 e B F r f-1
1681890140.2972097 > can send 8002 01000A0C06200000C07F000000000331F1BE0000000000000000000080400D290000000011001F01130D
1681890140.2992134 < rcv 200 21000A2F0110DD824289E5113E460E9FBE230D3F15005050 e B F r f-1
1681890140.3046544 > can send 8001 01000A0C06200000C07F000000001B6ECEBE0000000000000000000080400D290000000011001F01130D
1681890140.3065934 < rcv 100 21000A2F01C8496C42656B093EB0291DBF230D3E16005050 e B F r f-1
1681890140.3071404 > can send 8002 01000A0C06200000C07F000000005810C6BE0000000000000000000080400D290000000011001F01130D
1681890140.3090217 < rcv 200 21000A2F01D6DD8242CC62183E04EEF3BE230D3F15005050 e B F r f-1
1681890140.3135703 > can send 8001 01000A0C06200000C07F00000000A929D4BE0000000000000000000080400D290000000011001F01130D
1681890140.3155167 < rcv 100 21000A2F01084B6C4207E70A3ED1F6D8BE230D3E16005050 e B F r f-1
1681890140.3160684 > can send 8002 01000A0C06200000C07F0000000053BDCCBE0000000000000000000080400D290000000011001F01130D
1681890140.317952 < rcv 200 21000A2F0192DE8242B014203EBD30B7BE230D3F15005050 e B F r f-1
1681890140.3226593 > can send 8001 01000A0C06200000C07F00000000E356DEBE0000000000000000000080400D290000000011001F01130D
1681890140.3247652 < rcv 100 21000A2F016C4C6C42B3B3123E0E7FEBBE230D3E16005050 e B F r f-1
1681890140.3253615 > can send 8002 01000A0C06200000C07F0000000052D4DABE0000000000000000000080400D290000000011001F01130D
1681890140.3273642 < rcv 200 21000A2F0166DF824248CF2A3E7253B7BE230D3F15005050 e B F r f-1
1681890140.3324375 > can send 8001 01000A0C06200000C07F00000000BBFBF4BE0000000000000000000080400D290000000011001F01130D
1681890140.3343787 < rcv 100 21000A2F01F84D6C429DA01B3E31FCD3BE230D3E16005050 e B F r f-1
1681890140.334979 > can send 8002 01000A0C06200000C07F00000000CFCBF3BE0000000000000000000080400D290000000011001F01130D
1681890140.3368645 < rcv 200 21000A2F0142E082422880303E1EBA07BF230D3F15005050 e B F r f-1
1681890140.3415356 > can send 8001 01000A0C06200000C07F00000000D622FCBE0000000000000000000080400D290000000011001F01130D
1681890140.343478 < rcv 100 21000A2F01704F6C429D4D1E3E36F8EEBE230D3E16005050 e B F r f-1
1681890140.3440402 > can send 8002 01000A0C06200000C07F00000000EAF2FABE0000000000000000000080400D290000000011001F01130D
1681890140.3459651 < rcv 200 21000A2F0110E182426D74303EFB8D08BF230D3F15005050 e B F r f-1
1681890140.3506107 > can send 8001 01000A0C06200000C07F00000000314DE6BE0000000000000000000080400D290000000011001F01130D
1681890140.3532934 < rcv 100 21000A2F01F4506C42E847243EDC7DFCBE230D3E16005050 e B F r f-1
1681890140.3538437 > can send 8002 01000A0C06200000C07F0000000097DBE5BE0000000000000000000080400D290000000011001F01130D
1681890140.3557358 < rcv 200 21000A2F01FAE182420A63363E0397FFBE230D3F15005050 e B F r f-1
1681890140.3600621 > can send 8001 01000A0C06200000C07F00000000E82AFABE0000000000000000000080400D290000000011001F01130D
1681890140.3620129 < rcv 100 21000A2F01A4526C42CE0B2D3E302FDABE230D3E16005050 e B F r f-1
1681890140.362557 > can send 8002 01000A0C06200000C07F00000000B2AAFABE0000000000000000000080400D290000000011001F01130D
1681890140.364427 < rcv 200 21000A2F01C8E28242D017393EC7CF12BF230D3F15005050 e B F r f-1
1681890140.3694072 > can send 8001 01000A0C06200000C07F00000000A1C0EABE0000000000000000000080400D290000000011001F01130D
1681890140.3713238 < rcv 100 21000A2F0168546C420DEA363E31FDFDBE230D3E16005050 e B F r f-1
1681890140.3718657 > can send 8002 01000A0C06200000C07F00000000FD0EEDBE0000000000000000000080400D290000000011001F01130D
1681890140.3737342 < rcv 200 21000A2F01A8E3824298C03A3E47F311BF230D3F15005050 e B F r f-1
1681890140.3778095 > can send 8001 01000A0C06200000C07F00000000DABBEEBE0000000000000000000080400D290000000011001F01130D
1681890140.3798058 < rcv 100 21000A2F010C566C42AFF53C3EB8D1F1BE230D3E16005050 e B F r f-1
1681890140.3803523 > can send 8002 01000A0C06200000C07F00000000010AF1BE0000000000000000000080400D290000000011001F01130D
1681890140.3821967 < rcv 200 21000A2F0178E4824258A03D3E7F4F0CBF230D3F15005050 e B F r f-1
1681890140.3889306 > can send 8001 01000A0C06200000C07F000000003DECDCBE0000000000000000000080400D290000000011001F01130D
1681890140.3908303 < rcv 100 21000A2F0154586C429AB6493EB302AEBE230D3E16005050 e B F r f-1
1681890140.3913827 > can send 8002 01000A0C06200000C07F000000002434E0BE0000000000000000000080400D290000000011001F01130D
1681890140.3937182 < rcv 200 21000A2F01A4E582429A28463E5221DCBE230D3F15005050 e B F r f-1
1681890140.3993993 > can send 8001 01000A0C06200000C07F00000000912FCEBE0000000000000000000080400D290000000011001F01130D
1681890140.401323 < rcv 100 21000A2F01845A6C426C804E3EC3E2B4BE230D3E16005050 e B F r f-1
1681890140.4018788 > can send 8002 01000A0C06200000C07F0000000063C8D3BE0000000000000000000080400D290000000011001F01130D
1681890140.4046035 < rcv 200 21000A2F01A2E6824205F4443EC288C0BE230D3F15005050 e B F r f-1
1681890140.4137444 > can send 8001 01000A0C06200000C07F0000000011E5E3BE0000000000000000000080400D290000000011001F01130D
1681890140.4156284 < rcv 100 21000A2F01AC5D6C4243995A3EA511CDBE230D3E16005050 e B F r f-1
1681890140.416163 > can send 8002 01000A0C06200000C07F00000000D571EBBE0000000000000000000080400D290000000011001F01130D
1681890140.4180353 < rcv 200 21000A2F0106E882421EE8423ECC23BCBE230D3F15005050 e B F r f-1
1681890140.4224393 > can send 8001 01000A0C06200000C07F00000000C1E400BF0000000000000000000080400D290000000011001F01130D
1681890140.424631 < rcv 100 21000A2F01BC5F6C42D21A623EF88AE5BE230D3E16005050 e B F r f-1
1681890140.4253068 > can send 8002 01000A0C06200000C07F00000000EA4A06BF0000000000000000000080400D290000000011001F01130D
1681890140.4272482 < rcv 200 21000A2F01ECE88242291A433E978CFEBE230D3F15005050 e B F r f-1
1681890140.4379506 > can send 8001 01000A0C06200000C07F00000000180D03BF0000000000000000000080400D290000000011001F01130D
1681890140.439883 < rcv 100 21000A2F0160636C42631D6D3E5F7B00BF230D3E16005050 e B F r f-1
1681890140.440441 > can send 8002 01000A0C06200000C07F00000000407308BF0000000000000000000080400D290000000011001F01130D
1681890140.4422917 < rcv 200 21000A2F0168EA8242BB6D433E5E6E06BF230D3F15005050 e B F r f-1
1681890140.446061 > can send 8001 01000A0C06200000C07F000000007A5806BF0000000000000000000080400D290000000011001F01130D
1681890140.4480035 < rcv 100 21000A2F0158656C4226B8703E031701BF230D3E16005050 e B F r f-1
1681890140.4485023 > can send 8002 01000A0C06200000C07F00000000A2BE0BBF0000000000000000000080400D290000000011001F01130D
1681890140.4503517 < rcv 200 21000A2F0144EB82425ED24D3E19C118BF230D3F15005050 e B F r f-1
1681890140.4545326 > can send 8001 01000A0C06200000C07F00000000F65D08BF0000000000000000000080400D290000000011001F01130D
1681890140.456475 < rcv 100 21000A2F0184676C42D0FC783E228C16BF230D3E16005050 e B F r f-1
1681890140.457005 > can send 8002 01000A0C06200000C07F0000000065C90DBF0000000000000000000080400D290000000011001F01130D
1681890140.4588418 < rcv 200 21000A2F012EEC82420C1E533E14D70EBF230D3F15005050 e B F r f-1
1681890140.463639 > can send 8001 01000A0C06200000C07F00000000CDF6CBBE0000000000000000000080400D290000000011001F01130D
1681890140.4656427 < rcv 100 21000A2F01DC696C42F1087E3EC7960ABF230D3E16005050 e B F r f-1
1681890140.4661877 > can send 8002 01000A0C06200000C07F00000000888FD9BE0000000000000000000080400D290000000011001F01130D
1681890140.4680235 < rcv 200 21000A2F0134ED8242B22F5A3EC5E1FFBE230D3F15005050 e B F r f-1
1681890140.4717703 > can send 8001 01000A0C06200000C07F000000005341B6BE0000000000000000000080400D290000000011001F01130D
1681890140.473734 < rcv 100 21000A2F01EC6B6C4287107F3EA085D9BE230D3E16005050 e B F r f-1
1681890140.4743133 > can send 8002 01000A0C06200000C07F00000000CB7EC3BE0000000000000000000080400D290000000011001F01130D
1681890140.4762816 < rcv 200 21000A2F0128EE8242D6F4623EB1EFC3BE230D3F15005050 e B F r f-1
1681890140.4801564 > can send 8001 01000A0C06200000C07F000000005A81BBBE0000000000000000000080400D290000000011001F01130D
1681890140.4822128 < rcv 100 21000A2F01186E6C42AD85803E6E76AFBE230D3E16005050 e B F r f-1
1681890140.482777 > can send 8002 01000A0C06200000C07F00000000D2BEC8BE0000000000000000000080400D290000000011001F01130D
1681890140.4846606 < rcv 200 21000A2F012CEF824255D3693E27EFB4BE230D3F15005050 e B F r f-1
1681890140.4913669 > can send 8001 01000A0C06200000C07F0000000025A7DEBE0000000000000000000080400D290000000011001F01130D
1681890140.4934182 < rcv 100 21000A2F01FC706C42A588803E3E80C1BE230D3E16005050 e B F r f-1
1681890140.4939773 > can send 8002 01000A0C06200000C07F000000000F18ECBE0000000000000000000080400D290000000011001F01130D
1681890140.4958732 < rcv 200 21000A2F018EF08242F12A723EEB8BB6BE230D3F15005050 e B F r f-1
1681890140.5019495 > can send 8001 01000A0C06200000C07F00000000FE2BCBBE0000000000000000000080400D290000000011001F01130D
1681890140.503947 < rcv 100 21000A2F01C4736C4257A4823E9414D7BE230D3E16005050 e B F r f-1
1681890140.504488 > can send 8002 01000A0C06200000C07F00000000C5A8D5BE0000000000000000000080400D290000000011001F01130D
1681890140.506346 < rcv 200 21000A2F01E4F182425E6E7A3ED662EDBE230D3F15005050 e B F r f-1
1681890140.5105982 > can send 8001 01000A0C06200000C07F00000000AEF5D1BE0000000000000000000080400D290000000011001F01130D
1681890140.5125365 < rcv 100 21000A2F01F4756C42170F813E728DB2BE230D3E16005050 e B F r f-1
1681890140.5130744 > can send 8002 01000A0C06200000C07F000000007472DCBE0000000000000000000080400D290000000011001F01130D
1681890140.5152054 < rcv 200 21000A2F0102F3824276657C3E7715A8BE230D3F15005050 e B F r f-1
1681890140.5237107 > can send 8001 01000A0C06200000C07F000000005D15A9BE0000000000000000000080400D290000000011001F01130D
1681890140.52565 < rcv 100 21000A2F0168796C420630833EC08EA7BE230D3E16005050 e B F r f-1
1681890140.526255 > can send 8002 01000A0C06200000C07F00000000B858B1BE0000000000000000000080400D290000000011001F01130D
1681890140.5287805 < rcv 200 21000A2F01BCF4824254A0823E64D6D0BE230D3F15005050 e B F r f-1
1681890140.5378664 > can send 8001 01000A0C06200000C07F00000000627F96BE0000000000000000000080400D290000000011001F01130D
1681890140.5406592 < rcv 100 21000A2F01287D6C4287EB833E4C68C5BE230D3E16005050 e B F r f-1
1681890140.5416956 > can send 8002 01000A0C06200000C07F0000000010009EBE0000000000000000000080400D290000000011001F01130D
1681890140.543647 < rcv 200 21000A2F01D8F682424DF0863E8246CFBE230D3F15005050 e B F r f-1
1681890140.5488753 > can send 8001 01000A0C06200000C07F000000008BECC5BE0000000000000000000080400D290000000011001F01130D
1681890140.5515344 < rcv 100 21000A2F01FC7F6C429565813E67FD6EBE230D3E16005050 e B F r f-1
1681890140.5534663 > can send 8002 01000A0C06200000C07F000000002553C7BE0000000000000000000080400D290000000011001F01130D
1681890140.555338 < rcv 200 21000A2F0182F88242B22F8B3E0F039ABE230D3F15005050 e B F r f-1
1681890140.559646 > can send 8001 01000A0C06200000C07F00000000F0F4A6BE0000000000000000000080400D290000000011001F01130D
1681890140.5625536 < rcv 100 21000A2F01D4826C4226A2823E2B0EB5BE230D3E16005050 e B F r f-1
1681890140.5653036 > can send 8002 01000A0C06200000C07F000000004650A8BE0000000000000000000080400D290000000011001F01130D
1681890140.5671713 < rcv 200 21000A2F0140FA82425352903E7BAEEABE230D3F15005050 e B F r f-1
1681890140.5711966 > can send 8001 01000A0C06200000C07F00000000587AAABE0000000000000000000080400D290000000011001F01130D
1681890140.573197 < rcv 100 21000A2F01C0856C4251AF803EFD5647BE230D3E16005050 e B F r f-1
1681890140.5737407 > can send 8002 01000A0C06200000C07F000000001DF3A7BE0000000000000000000080400D290000000011001F01130D
1681890140.5755968 < rcv 200 21000A2F0182FB8242A549933E630590BE230D3F15005050 e B F r f-1
1681890140.5840387 > can send 8001 01000A0C06200000C07F000000004C868FBE0000000000000000000080400D290000000011001F01130D
1681890140.586093 < rcv 100 21000A2F01FC886C42E3527E3EA65573BE230D3E16005050 e B F r f-1
1681890140.5866559 > can send 8002 01000A0C06200000C07F00000000826F86BE0000000000000000000080400D290000000011001F01130D
1681890140.5886815 < rcv 200 21000A2F0188FD824267EF993E36539EBE230D3F15005050 e B F r f-1
1681890140.5924685 > can send 8001 01000A0C06200000C07F0000000091E9B3BE0000000000000000000080400D290000000011001F01130D
1681890140.5944438 < rcv 100 21000A2F011C8B6C4264457C3ED65F9EBE230D3E16005050 e B F r f-1
1681890140.5949934 > can send 8002 01000A0C06200000C07F00000000AD36A7BE0000000000000000000080400D290000000011001F01130D
1681890140.5968494 < rcv 200 21000A2F01DAFE824272249C3E35308ABE230D3F15005050 e B F r f-1
1681890140.604848 > can send 8001 01000A0C06200000C07F000000008AA96FBE0000000000000000000080400D290000000011001F01130D
1681890140.6067724 < rcv 100 21000A2F013C8E6C4297C07C3EA701AABE230D3E16005050 e B F r f-1
1681890140.607316 > can send 8002 01000A0C06200000C07F000000005D194FBE0000000000000000000080400D290000000011001F01130D
1681890140.6093926 < rcv 200 21000A2F01E0008342EF70A13E4518B5BE230D3F15005050 e B F r f-1
1681890140.615493 > can send 8001 01000A0C06200000C07F000000009B8326BE0000000000000000000080400D290000000011001F01130D
1681890140.6174304 < rcv 100 21000A2F01D8906C42FB8A783ED81611BE230D3E16005050 e B F r f-1
1681890140.6179652 > can send 8002 01000A0C06200000C07F0000000036CA04BE0000000000000000000080400D290000000011001F01130D
1681890140.6198275 < rcv 200 21000A2F0198028342AF81A13E92F67DBE230D3F15005050 e B F r f-1
1681890140.6269946 > can send 8001 01000A0C06200000C07F0000000049CAB4BE0000000000000000000080400D290000000011001F01130D
1681890140.6291788 < rcv 100 21000A2F01B0936C42B94E753EF16FC7BD230D3E16005050 e B F r f-1
1681890140.629785 > can send 8002 01000A0C06200000C07F000000009EC3A1BE0000000000000000000080400D290000000011001F01130D
1681890140.6358395 < rcv 200 21000A2F0170048342F47D9D3E49B50FBE230D3F15005050 e B F r f-1
1681890140.6449685 > can send 8001 01000A0C06200000C07F00000000346AE0BE0000000000000000000080400D290000000011001F01130D
1681890140.646973 < rcv 100 21000A2F014C986C4284A6803EBFD16EBE230D3E16005050 e B F r f-1
1681890140.6475317 > can send 8002 01000A0C06200000C07F000000008849CABE0000000000000000000080400D290000000011001F01130D
1681890140.6494653 < rcv 200 21000A2F013407834236459B3EA06C9DBE230D3F15005050 e B F r f-1
1681890140.657369 > can send 8001 01000A0C06200000C07F00000000617295BE0000000000000000000080400D290000000011001F01130D
1681890140.6601632 < rcv 100 21000A2F01989B6C4284B6833EF0DD07BF230D3E16005050 e B F r f-1
1681890140.661636 > can send 8002 01000A0C06200000C07F000000004E4D83BE0000000000000000000080400D290000000011001F01130D
1681890140.6636202 < rcv 200 21000A2F01560983426845973E2AAAB1BE230D3F15005050 e B F r f-1
1681890140.6672702 > can send 8001 01000A0C06200000C07F00000000B3FADBBE0000000000000000000080400D290000000011001F01130D
1681890140.6692646 < rcv 100 21000A2F01649E6C424739893E1D9D86BE230D3E16005050 e B F r f-1
1681890140.6698089 > can send 8002 01000A0C06200000C07F0000000015BAD0BE0000000000000000000080400D290000000011001F01130D
1681890140.6716719 < rcv 200 21000A2F018E0A83423B76963E2E3593BE230D3F15005050 e B F r f-1
1681890140.6801953 > can send 8001 01000A0C06200000C07F00000000BB12C8BE0000000000000000000080400D290000000011001F01130D
1681890140.6822202 < rcv 100 21000A2F012CA26C42166B8F3E8724BABE230D3E16005050 e B F r f-1
1681890140.682754 > can send 8002 01000A0C06200000C07F000000003CEFC1BE0000000000000000000080400D290000000011001F01130D
1681890140.6846414 < rcv 200 21000A2F01840C834276FF963E2CA0DBBE230D3F15005050 e B F r f-1
1681890140.6930695 > can send 8001 01000A0C06200000C07F00000000A95843BE0000000000000000000080400D290000000011001F01130D
1681890140.6953125 < rcv 100 21000A2F01F4A56C42098C923E883FFDBE230D3E16005050 e B F r f-1
1681890140.6958578 > can send 8002 01000A0C06200000C07F00000000AA1137BE0000000000000000000080400D290000000011001F01130D
1681890140.6977775 < rcv 200 21000A2F01700E83426E8A933E28BED3BE230D3F15005050 e B F r f-1
1681890140.701534 > can send 8001 01000A0C06200000C07F000000006CAE51BE0000000000000000000080400D290000000011001F01130D
1681890140.7034807 < rcv 100 21000A2F0170A86C42C7C7923EA1EF9CBE230D3E16005050 e B F r f-1
1681890140.70399 > can send 8002 01000A0C06200000C07F00000000B17F56BE0000000000000000000080400D290000000011001F01130D
1681890140.7058978 < rcv 200 21000A2F01920F8342E1E28E3EBD8A33BE230D3F15005050 e B F r f-1
1681890140.7129323 > can send 8001 01000A0C06200000C07F000000009D3DCFBE0000000000000000000080400D290000000011001F01130D
1681890140.7148807 < rcv 100 21000A2F01C8AB6C426380923E29926FBE230D3E16005050 e B F r f-1
1681890140.715439 > can send 8002 01000A0C06200000C07F000000003FA6D1BE0000000000000000000080400D290000000011001F01130D
1681890140.7173843 < rcv 200 21000A2F012411834274FB893E631A40BE230D3F15005050 e B F r f-1
1681890140.7234385 > can send 8001 01000A0C06200000C07F00000000CCBDB6BE0000000000000000000080400D290000000011001F01130D
1681890140.7254727 < rcv 100 21000A2F01E4AE6C422CD7933E1479B2BE230D3E16005050 e B F r f-1
1681890140.7260277 > can send 8002 01000A0C06200000C07F000000005864C0BE0000000000000000000080400D290000000011001F01130D
1681890140.7279596 < rcv 200 21000A2F019212834253A6873E475CCFBE230D3F15005050 e B F r f-1
1681890140.7320993 > can send 8001 01000A0C06200000C07F000000001C458CBE0000000000000000000080400D290000000011001F01130D
1681890140.734133 < rcv 100 21000A2F0164B16C425ADC913E4D43CCBE230D3E16005050 e B F r f-1
1681890140.7346752 > can send 8002 01000A0C06200000C07F000000007FCF97BE0000000000000000000080400D290000000011001F01130D
1681890140.7367904 < rcv 200 21000A2F01AE138342EE3B823EEFD9B7BE230D3F15005050 e B F r f-1
1681890140.7439103 > can send 8001 01000A0C06200000C07F00000000C91487BE0000000000000000000080400D290000000011001F01130D
1681890140.745919 < rcv 100 21000A2F01C8B46C42CB21903EE3B791BE230D3E16005050 e B F r f-1
1681890140.7465012 > can send 8002 01000A0C06200000C07F000000002B9F92BE0000000000000000000080400D290000000011001F01130D
1681890140.7485113 < rcv 200 21000A2F01261583425FB67C3E91F37DBE230D3F15005050 e B F r f-1
1681890140.7578707 > can send 8001 01000A0C06200000C07F000000005423B0BE0000000000000000000080400D290000000011001F01130D
1681890140.759856 < rcv 100 21000A2F01CCB86C422095903E12749EBE230D3E16005050 e B F r f-1
1681890140.760412 > can send 8002 01000A0C06200000C07F00000000ACE3BEBE0000000000000000000080400D290000000011001F01130D
1681890140.7623475 < rcv 200 21000A2F01EA168342F1347C3EEC12A0BE230D3F15005050 e B F r f-1
1681890140.7688115 > can send 8001 01000A0C06200000C07F00000000DB7913BE0000000000000000000080400D290000000011001F01130D
1681890140.7708755 < rcv 100 21000A2F01ECBB6C42D7478F3E18ECB4BE230D3E16005050 e B F r f-1
1681890140.7714102 > can send 8002 01000A0C06200000C07F000000008BFA30BE0000000000000000000080400D290000000011001F01130D
1681890140.7732868 < rcv 200 21000A2F014C1883421BB37B3E267AC3BE230D3F15005050 e B F r f-1
1681890140.7804613 > can send 8001 01000A0C06200000C07F000000007E0EA0BE0000000000000000000080400D290000000011001F01130D
1681890140.7824173 < rcv 100 21000A2F0118BF6C429CF98A3E5F8405BE230D3E16005050 e B F r f-1
1681890140.782963 > can send 8002 01000A0C06200000C07F00000000A57FB0BE0000000000000000000080400D290000000011001F01130D
1681890140.7848456 < rcv 200 21000A2F01B41983429715763E563A22BE230D3F15005050 e B F r f-1
1681890140.790315 > can send 8001 01000A0C06200000C07F000000008455DFBE0000000000000000000080400D290000000011001F01130D
1681890140.7923362 < rcv 100 21000A2F01C8C16C42A1F0893EA8C56FBE230D3E16005050 e B F r f-1
1681890140.7928827 > can send 8002 01000A0C06200000C07F00000000E7E1ECBE0000000000000000000080400D290000000011001F01130D
1681890140.7947688 < rcv 200 21000A2F01EA1A8342045D753E5C57A4BE230D3F15005050 e B F r f-1
1681890140.80228 > can send 8001 01000A0C06200000C07F000000004D5FECBE0000000000000000000080400D290000000011001F01130D
1681890140.8042386 < rcv 100 21000A2F0118C56C42F4BD8A3EADA5F0BE230D3E16005050 e B F r f-1
1681890140.8047886 > can send 8002 01000A0C06200000C07F000000001C0BFABE0000000000000000000080400D290000000011001F01130D
1681890140.806652 < rcv 200 21000A2F016C1C83428A387A3E17EC13BF230D3F15005050 e B F r f-1
1681890140.81413 > can send 8001 01000A0C06200000C07F00000000E7F885BE0000000000000000000080400D290000000011001F01130D
1681890140.8161771 < rcv 100 21000A2F014CC86C42856D883E06B8E0BE230D3E16005050 e B F r f-1
1681890140.8167067 > can send 8002 01000A0C06200000C07F00000000B5A493BE0000000000000000000080400D290000000011001F01130D
1681890140.818596 < rcv 200 21000A2F01F01D8342AEDA7C3EE16612BF230D3F15005050 e B F r f-1
1681890140.8238049 > can send 8001 01000A0C06200000C07F00000000D9E59BBE0000000000000000000080400D290000000011001F01130D
1681890140.8257756 < rcv 100 21000A2F01DCCA6C420AF1853EDBB875BE230D3E16005050 e B F r f-1
1681890140.8263583 > can send 8002 01000A0C06200000C07F0000000065F7A7BE0000000000000000000080400D290000000011001F01130D
1681890140.8282845 < rcv 200 21000A2F012C1F8342EF787D3ED9A18DBE230D3F15005050 e B F r f-1
1681890140.8376582 > can send 8001 01000A0C06200000C07F00000000202601BF0000000000000000000080400D290000000011001F01130D
1681890140.8396382 < rcv 100 21000A2F0190CE6C42BA01863E63638DBE230D3E16005050 e B F r f-1
1681890140.8401864 > can send 8002 01000A0C06200000C07F00000000E62E07BF0000000000000000000080400D290000000011001F01130D
1681890140.8420525 < rcv 200 21000A2F01F4208342B7FF7F3EC36AAFBE230D3F15005050 e B F r f-1
1681890140.8469803 > can send 8001 01000A0C06200000C07F0000000007D11FBF0000000000000000000080400D290000000011001F01130D
1681890140.8492086 < rcv 100 21000A2F0124D16C4218A5883E562FF2BE230D3E16005050 e B F r f-1
1681890140.8497863 > can send 8002 01000A0C06200000C07F00000000A25C23BF0000000000000000000080400D290000000011001F01130D
1681890140.8517058 < rcv 200 21000A2F013C228342F87B833E97970DBF230D3F15005050 e B F r f-1
1681890140.8613608 > can send 8001 01000A0C06200000C07F00000000A95B21BF0000000000000000000080400D290000000011001F01130D
1681890140.8633878 < rcv 100 21000A2F0144D56C42AF8E8F3EC7E921BF230D3E16005050 e B F r f-1
1681890140.8639638 > can send 8002 01000A0C06200000C07F00000000174425BF0000000000000000000080400D290000000011001F01130D
1681890140.865901 < rcv 200 21000A2F0114248342485A823E171437BF230D3F15005050 e B F r f-1
1681890140.8756323 > can send 8001 01000A0C06200000C07F00000000EC50DCBE0000000000000000000080400D290000000011001F01130D
1681890140.8778102 < rcv 100 21000A2F01B4D96C4207A4993E680601BF230D3E16005050 e B F r f-1
1681890140.8783607 > can send 8002 01000A0C06200000C07F00000000C921E4BE0000000000000000000080400D290000000011001F01130D
1681890140.8803096 < rcv 200 21000A2F0106268342C7A5883E16D135BF230D3F15005050 e B F r f-1
1681890140.8847845 > can send 8001 01000A0C06200000C07F00000000A95B21BF0000000000000000000080400D290000000011001F01130D
1681890140.8867128 < rcv 100 21000A2F01B0DC6C4296F19F3E05B88FBE230D3E16005050 e B F r f-1
1681890140.887274 > can send 8002 01000A0C06200000C07F00000000174425BF0000000000000000000080400D290000000011001F01130D
1681890140.8891795 < rcv 200 21000A2F0140278342B4D7883EEF60BABE230D3F15005050 e B F r f-1
1681890140.8929152 > can send 8001 01000A0C06200000C07F00000000EC50DCBE0000000000000000000080400D290000000011001F01130D
1681890140.8948877 < rcv 100 21000A2F0188DF6C42ED5EA83E0D6D1BBF230D3E16005050 e B F r f-1
1681890140.895439 > can send 8002 01000A0C06200000C07F00000000C921E4BE0000000000000000000080400D290000000011001F01130D
1681890140.897362 < rcv 200 21000A2F0156288342B558863E6F262BBF230D3F15005050 e B F r f-1
1681890140.9028904 > can send 8001 01000A0C06200000C07F000000002783F8BE0000000000000000000080400D290000000011001F01130D
1681890140.9048352 < rcv 100 21000A2F0100E36C42DC84AB3E209DA4BE230D3E16005050 e B F r f-1
1681890140.9054568 > can send 8002 01000A0C06200000C07F00000000DA9205BF0000000000000000000080400D290000000011001F01130D
1681890140.9073272 < rcv 200 21000A2F01A02983425A3B823E8778E6BE230D3F15005050 e B F r f-1
1681890140.913533 > can send 8001 01000A0C06200000C07F00000000B552D0BE0000000000000000000080400D290000000011001F01130D
1681890140.9155185 < rcv 100 21000A2F01F0E66C420025B43E27040EBF230D3E16005050 e B F r f-1
1681890140.9160614 > can send 8002 01000A0C06200000C07F00000000F117E5BE0000000000000000000080400D290000000011001F01130D
1681890140.9179714 < rcv 200 21000A2F01142B83429CDC883EADBDF8BE230D3F15005050 e B F r f-1
1681890140.926299 > can send 8001 01000A0C06200000C07F00000000B78DDEBE0000000000000000000080400D290000000011001F01130D
1681890140.9282355 < rcv 100 21000A2F019CEB6C423A97B63EA0AED5BE230D3E16005050 e B F r f-1
1681890140.9287906 > can send 8002 01000A0C06200000C07F00000000C79AF6BE0000000000000000000080400D290000000011001F01130D
1681890140.9307826 < rcv 200 21000A2F01FE2C83423B20923EC730CFBE230D3F15005050 e B F r f-1
1681890140.9377522 > can send 8001 01000A0C06200000C07F00000000A678B5BE0000000000000000000080400D290000000011001F01130D
1681890140.9396827 < rcv 100 21000A2F01D8EF6C422BDFB73E3FA0D4BE230D3E16005050 e B F r f-1
1681890140.9402287 > can send 8002 01000A0C06200000C07F000000008B32CFBE0000000000000000000080400D290000000011001F01130D
1681890140.9420996 < rcv 200 21000A2F01BA2E8342E114963EC60F01BF230D3F15005050 e B F r f-1
1681890140.946197 > can send 8001 01000A0C06200000C07F00000000D4F6B7BE0000000000000000000080400D290000000011001F01130D
1681890140.9481404 < rcv 100 21000A2F01FCF26C42C0E6B83EBB8AA6BE230D3E16005050 e B F r f-1
1681890140.948682 > can send 8002 01000A0C06200000C07F0000000008C6D1BE0000000000000000000080400D290000000011001F01130D
1681890140.9507163 < rcv 200 21000A2F010030834284CB953E31DEACBE230D3F15005050 e B F r f-1
1681890140.9605458 > can send 8001 01000A0C06200000C07F00000000D7F088BE0000000000000000000080400D290000000011001F01130D
1681890140.9624867 < rcv 100 21000A2F0150F86C420A0AB93EE7BE9CBE230D3E16005050 e B F r f-1
1681890140.963058 > can send 8002 01000A0C06200000C07F00000000E7E5A6BE0000000000000000000080400D290000000011001F01130D
1681890140.9650476 < rcv 200 21000A2F01223283425FAD943E0448A2BE230D3F15005050 e B F r f-1
1681890140.9715803 > can send 8001 01000A0C06200000C07F00000000F8FB59BE0000000000000000000080400D290000000011001F01130D
1681890140.9735835 < rcv 100 21000A2F0164FC6C422374B93E376F8FBE230D3E16005050 e B F r f-1
1681890140.9741662 > can send 8002 01000A0C06200000C07F00000000047A8CBE0000000000000000000080400D290000000011001F01130D
1681890140.976043 < rcv 200 21000A2F01C83383429A19943EEF8F483E230D3F15005050 e B F r f-1
1681890140.9796913 > can send 8001 01000A0C06200000C07F000000007C1BAABD0000000000000000000080400D290000000011001F01130D
1681890140.9816623 < rcv 100 21000A2F0168FF6C42E383B93E0C5B73BE230D3E16005050 e B F r f-1
1681890140.982229 > can send 8002 01000A0C06200000C07F00000000EB2317BE0000000000000000000080400D290000000011001F01130D
1681890140.984117 < rcv 200 21000A2F01FE3483420945953E4B8C9DBE230D3F15005050 e B F r f-1
1681890140.9889944 > can send 8001 01000A0C06200000C07F00000000540A9CBD0000000000000000000080400D290000000011001F01130D
1681890140.9912078 < rcv 100 21000A2F01D4026D420BDBB53EA64B1ABE230D3E16005050 e B F r f-1
1681890140.9917376 > can send 8002 01000A0C06200000C07F00000000075410BE0000000000000000000080400D290000000011001F01130D
1681890140.9938521 < rcv 200 21000A2F01623683420DAA933EB96E47BE230D3F15005050 e B F r f-1
1681890140.9975724 > can send 8001 01000A0C06200000C07F00000000606E2FBE0000000000000000000080400D290000000011001F01130D
1681890140.9995725 < rcv 100 21000A2F01B8056D42E1DDB03E08E90A3D230D3E16005050 e B F r f-1
1681890141.0003605 > can send 8002 01000A0C06200000C07F00000000FEE46DBE0000000000000000000080400D290000000011001F01130D
1681890141.0022736 < rcv 200 21000A2F019E378342C9C0903E3E170DBE230D3F15005050 e B F r f-1
1681890141.0059452 > can send 8001 01000A0C06200000C07F00000000A63030BE0000000000000000000080400D290000000011001F01130D
1681890141.007942 < rcv 100 21000A2F0198086D429EBBAD3E3D6443BE230D3E16005050 e B F r f-1
1681890141.0084882 > can send 8002 01000A0C06200000C07F00000000E92763BE0000000000000000000080400D290000000011001F01130D
1681890141.0104344 < rcv 200 21000A2F01D0388342E6A2913EFEFF6DBE230D3F15005050 e B F r f-1
1681890141.017042 > can send 8001 01000A0C06200000C07F0000000018B1B53C0000000000000000000080400D290000000011001F01130D
1681890141.0190654 < rcv 100 21000A2F01300C6D42E936A53EF01D57BE230D3E16005050 e B F r f-1
1681890141.0196235 > can send 8002 01000A0C06200000C07F00000000B05AE3BC0000000000000000000080400D290000000011001F01130D
1681890141.021487 < rcv 200 21000A2F01663A8342EAB28F3E5D1686BE230D3F15005050 e B F r f-1
1681890141.0301473 > can send 8001 01000A0C06200000C07F000000004D0F0B3D0000000000000000000080400D290000000011001F01130D
1681890141.0322218 < rcv 100 21000A2F0134106D42AC669B3EA6D50F3E230D3E16005050 e B F r f-1
1681890141.0327442 > can send 8002 01000A0C06200000C07F00000000149833BC0000000000000000000080400D290000000011001F01130D
1681890141.0346663 < rcv 200 21000A2F01403C83426FBB8D3ED4146CBD230D3F15005050 e B F r f-1
1681890141.0397706 > can send 8001 01000A0C06200000C07F00000000F9082ABE0000000000000000000080400D290000000011001F01130D
1681890141.0417366 < rcv 100 21000A2F0100136D423C1F973E31738C3D230D3E16005050 e B F r f-1
1681890141.0422764 > can send 8002 01000A0C06200000C07F000000004E0658BE0000000000000000000080400D290000000011001F01130D
1681890141.0441425 < rcv 200 21000A2F019E3D834272688E3E33DC263C230D3F15005050 e B F r f-1
1681890141.0495327 > can send 8001 01000A0C06200000C07F000000005246A6BE0000000000000000000080400D290000000011001F01130D
1681890141.0516388 < rcv 100 21000A2F01E0156D42157B943E218792BD230D3E16005050 e B F r f-1
1681890141.052211 > can send 8002 01000A0C06200000C07F0000000039E7B4BE0000000000000000000080400D290000000011001F01130D
1681890141.0541391 < rcv 200 21000A2F01083F8342B1A38E3EE160E73E230D3F15005050 e B F r f-1
1681890141.060718 > can send 8001 01000A0C06200000C07F00000000DBA5A5BE0000000000000000000080400D290000000011001F01130D
1681890141.0626383 < rcv 100 21000A2F0110196D4291A3913E36DB92BE230D3E16005050 e B F r f-1
1681890141.0631876 > can send 8002 01000A0C06200000C07F00000000C246B4BE0000000000000000000080400D290000000011001F01130D
1681890141.0651903 < rcv 200 21000A2F018C40834203E98B3E1A00B9BE230D3F15005050 e B F r f-1
1681890141.0722864 > can send 8001 01000A0C06200000C07F00000000656BA2BE0000000000000000000080400D290000000011001F01130D
1681890141.0742285 < rcv 100 21000A2F01701C6D42B6DE913E1BA988BE230D3E16005050 e B F r f-1
1681890141.0747807 > can send 8002 01000A0C06200000C07F000000004C0CB1BE0000000000000000000080400D290000000011001F01130D
1681890141.076644 < rcv 200 21000A2F011E4283427F02893E363793BE230D3F15005050 e B F r f-1
1681890141.0815313 > can send 8001 01000A0C06200000C07F00000000D30BD4BE0000000000000000000080400D290000000011001F01130D
1681890141.0834608 < rcv 100 21000A2F01401F6D4244A9953E329A9BBE230D3E16005050 e B F r f-1
1681890141.0840054 > can send 8002 01000A0C06200000C07F00000000B503E0BE0000000000000000000080400D290000000011001F01130D
1681890141.0859737 < rcv 200 21000A2F016043834269B5873E469EABBE230D3F15005050 e B F r f-1
1681890141.0913222 > can send 8001 01000A0C06200000C07F00000000716088BE0000000000000000000080400D290000000011001F01130D
1681890141.0934072 < rcv 100 21000A2F014C226D427994993EEB5BD9BE230D3E16005050 e B F r f-1
1681890141.0939486 > can send 8002 01000A0C06200000C07F000000007BE394BE0000000000000000000080400D290000000011001F01130D
1681890141.0959058 < rcv 200 21000A2F01C84483429E418B3EBA64D9BE230D3F15005050 e B F r f-1
1681890141.1070743 > can send 8001 01000A0C06200000C07F0000000016B583BE0000000000000000000080400D290000000011001F01130D
1681890141.109531 < rcv 100 21000A2F0148276D42C2199D3E69B097BE230D3E16005050 e B F r f-1
1681890141.110114 > can send 8002 01000A0C06200000C07F000000009DA691BE0000000000000000000080400D290000000011001F01130D
1681890141.1134095 < rcv 200 21000A2F0120478342DD09933EEB6D9EBE230D3F15005050 e B F r f-1
1681890141.121622 > can send 8001 01000A0C06200000C07F0000000040F38FBE0000000000000000000080400D290000000011001F01130D
1681890141.1236784 < rcv 100 21000A2F01F42B6D4237129F3EEE2CB2BE230D3E16005050 e B F r f-1
1681890141.1242154 > can send 8002 01000A0C06200000C07F00000000C7E49DBE0000000000000000000080400D290000000011001F01130D
1681890141.1260989 < rcv 200 21000A2F0130498342C95A933E0F418EBE230D3F15005050 e B F r f-1
1681890141.1296966 > can send 8001 01000A0C06200000C07F0000000077A3C0BE0000000000000000000080400D290000000011001F01130D
1681890141.131651 < rcv 100 21000A2F01882E6D4243BD9F3E362886BE230D3E16005050 e B F r f-1
1681890141.1321952 > can send 8002 01000A0C06200000C07F00000000D947D1BE0000000000000000000080400D290000000011001F01130D
1681890141.1340337 < rcv 200 21000A2F01544A83421382913EE8AC84BE230D3F15005050 e B F r f-1
1681890141.1384509 > can send 8001 01000A0C06200000C07F00000000227A34BE0000000000000000000080400D290000000011001F01130D
1681890141.1403835 < rcv 100 21000A2F0150316D42CA33A03EFF7DD1BE230D3E16005050 e B F r f-1
1681890141.1409402 > can send 8002 01000A0C06200000C07F00000000E5C255BE0000000000000000000080400D290000000011001F01130D
1681890141.1427813 < rcv 200 21000A2F019C4B83426745913E46FAF2BE230D3F15005050 e B F r f-1
1681890141.1473014 > can send 8001 01000A0C06200000C07F0000000067F63FBE0000000000000000000080400D290000000011001F01130D
1681890141.1492755 < rcv 100 21000A2F0114346D42CF799D3E387CCFBD230D3E16005050 e B F r f-1
1681890141.1498232 > can send 8002 01000A0C06200000C07F0000000042AE62BE0000000000000000000080400D290000000011001F01130D
1681890141.1518042 < rcv 200 21000A2F01EE4C83425FD4913E7D6E76BE230D3F15005050 e B F r f-1
1681890141.1569045 > can send 8001 01000A0C06200000C07F00000000B97051BE0000000000000000000080400D290000000011001F01130D
1681890141.1593692 < rcv 100 21000A2F0124376D42B2009E3E0AED69BE230D3E16005050 e B F r f-1
1681890141.1599598 > can send 8002 01000A0C06200000C07F00000000F0DB73BE0000000000000000000080400D290000000011001F01130D
1681890141.161845 < rcv 200 21000A2F01584E8342AB948E3ECD9745BE230D3F15005050 e B F r f-1
1681890141.169735 > can send 8001 01000A0C06200000C07F0000000023BE4FBE0000000000000000000080400D290000000011001F01130D
1681890141.1716237 < rcv 100 21000A2F01143B6D4263979B3EE49C5BBE230D3E16005050 e B F r f-1
1681890141.172195 > can send 8002 01000A0C06200000C07F00000000592972BE0000000000000000000080400D290000000011001F01130D
1681890141.1740785 < rcv 200 21000A2F0102508342693E8A3E3E9A90BE230D3F15005050 e B F r f-1
1681890141.1810675 > can send 8001 01000A0C06200000C07F000000001CC815BE0000000000000000000080400D290000000011001F01130D
1681890141.1830406 < rcv 100 21000A2F018C3E6D422ED7983ED6F490BE230D3E16005050 e B F r f-1
1681890141.1835876 > can send 8002 01000A0C06200000C07F00000000750340BE0000000000000000000080400D290000000011001F01130D
1681890141.1854653 < rcv 200 21000A2F0174518342BA00833EEE6574BE230D3F15005050 e B F r f-1
1681890141.1901572 > can send 8001 01000A0C06200000C07F00000000F30B34BE0000000000000000000080400D290000000011001F01130D
1681890141.1921515 < rcv 100 21000A2F0128416D423B6A933E7CB5DBBD230D3E16005050 e B F r f-1
1681890141.1926994 > can send 8002 01000A0C06200000C07F000000003AF865BE0000000000000000000080400D290000000011001F01130D
1681890141.1945856 < rcv 200 21000A2F018C52834288E8773E602E12BE230D3F15005050 e B F r f-1
1681890141.1998034 > can send 8001 01000A0C06200000C07F000000007F083CBE0000000000000000000080400D290000000011001F01130D
1681890141.2016642 < rcv 100 21000A2F01E0436D4203E28F3E533B57BE230D3E16005050 e B F r f-1
1681890141.202209 > can send 8002 01000A0C06200000C07F0000000009B96BBE0000000000000000000080400D290000000011001F01130D
1681890141.2041018 < rcv 200 21000A2F01A45383426A386D3E409845BE230D3F15005050 e B F r f-1
1681890141.2092032 > can send 8001 01000A0C06200000C07F00000000F6526FBE0000000000000000000080400D290000000011001F01130D
1681890141.2113993 < rcv 100 21000A2F018C466D42A0798C3E323780BE230D3E16005050 e B F r f-1
1681890141.2119834 > can send 8002 01000A0C06200000C07F0000000066A58EBE0000000000000000000080400D290000000011001F01130D
1681890141.213849 < rcv 200 21000A2F01C8548342191B693EE34045BE230D3F15005050 e B F r f-1
1681890141.2175355 > can send 8001 01000A0C06200000C07F000000007A6768BE0000000000000000000080400D290000000011001F01130D
1681890141.2194264 < rcv 100 21000A2F01AC486D422461873E149E86BE230D3E16005050 e B F r f-1
1681890141.2199452 > can send 8002 01000A0C06200000C07F00000000A82F8BBE0000000000000000000080400D290000000011001F01130D
1681890141.2218335 < rcv 200 21000A2F01B45583427241683E05C684BE230D3F15005050 e B F r f-1
1681890141.2258925 > can send 8001 01000A0C06200000C07F00000000FE9A58BE0000000000000000000080400D290000000011001F01130D
1681890141.2278194 < rcv 100 21000A2F01CC4A6D42213B833EBAF15CBE230D3E16005050 e B F r f-1
1681890141.2283516 > can send 8002 01000A0C06200000C07F00000000376D83BE0000000000000000000080400D290000000011001F01130D
1681890141.2302034 < rcv 200 21000A2F01A2568342BDDA623E12E4CFBE230D3F15005050 e B F r f-1
1681890141.2362373 > can send 8001 01000A0C06200000C07F00000000CDEA87BE0000000000000000000080400D290000000011001F01130D
1681890141.238127 < rcv 100 21000A2F015C4D6D426B667C3E0F7ADBBE230D3E16005050 e B F r f-1
1681890141.2386734 > can send 8002 01000A0C06200000C07F000000005E7A9DBE0000000000000000000080400D290000000011001F01130D
1681890141.2406125 < rcv 200 21000A2F01D05783426ACA613EDC269CBE230D3F15005050 e B F r f-1
1681890141.245904 > can send 8001 01000A0C06200000C07F000000007199A6BE0000000000000000000080400D290000000011001F01130D
1681890141.248099 < rcv 100 21000A2F01BC4F6D4276D4743E0DFC9CBE230D3E16005050 e B F r f-1
1681890141.2486959 > can send 8002 01000A0C06200000C07F0000000083F4B6BE0000000000000000000080400D290000000011001F01130D
1681890141.2506135 < rcv 200 21000A2F01F05883428922613E38518DBE230D3F15005050 e B F r f-1
1681890141.2564168 > can send 8001 01000A0C06200000C07F000000008611A4BE0000000000000000000080400D290000000011001F01130D
1681890141.2583323 < rcv 100 21000A2F012C526D428418703E1A1A6ABE230D3E16005050 e B F r f-1
1681890141.2589285 > can send 8002 01000A0C06200000C07F00000000297BB4BE0000000000000000000080400D290000000011001F01130D
1681890141.2607994 < rcv 200 21000A2F011A5A8342ABB0633E38C191BE230D3F15005050 e B F r f-1
1681890141.2663467 > can send 8001 01000A0C06200000C07F00000000D6EBB4BE0000000000000000000080400D290000000011001F01130D
1681890141.2682476 < rcv 100 21000A2F0180546D42B7B16D3EC04277BE230D3E16005050 e B F r f-1
1681890141.2688103 > can send 8002 01000A0C06200000C07F000000009053C3BE0000000000000000000080400D290000000011001F01130D
1681890141.2706857 < rcv 200 21000A2F013C5B83428218663E8575B7BE230D3F15005050 e B F r f-1
1681890141.2797093 > can send 8001 01000A0C06200000C07F00000000A913BFBE0000000000000000000080400D290000000011001F01130D
1681890141.2816458 < rcv 100 21000A2F01AC576D424CDC6C3E72759BBE230D3E16005050 e B F r f-1
1681890141.2822144 > can send 8002 01000A0C06200000C07F000000008DFCCABE0000000000000000000080400D290000000011001F01130D
1681890141.2840827 < rcv 200 21000A2F01E05C8342831B703E00E2E7BE230D3F15005050 e B F r f-1
1681890141.2896705 > can send 8001 01000A0C06200000C07F000000008B90BCBE0000000000000000000080400D290000000011001F01130D
1681890141.2916088 < rcv 100 21000A2F01245A6D425D82743EB180CCBE230D3E16005050 e B F r f-1
1681890141.2921407 > can send 8002 01000A0C06200000C07F00000000FFFFC7BE0000000000000000000080400D290000000011001F01130D
1681890141.2940164 < rcv 200 21000A2F01265E8342BA637B3E0123EBBE230D3F15005050 e B F r f-1
1681890141.299671 > can send 8001 01000A0C06200000C07F00000000D350DBBE0000000000000000000080400D290000000011001F01130D
1681890141.3016226 < rcv 100 21000A2F01A85C6D422D13793ED2F08BBE230D3E16005050 e B F r f-1
1681890141.3021796 > can send 8002 01000A0C06200000C07F000000007CC7E2BE0000000000000000000080400D290000000011001F01130D
1681890141.3040895 < rcv 200 21000A2F01745F83428B56803E8F99CBBE230D3F15005050 e B F r f-1
1681890141.3081682 > can send 8001 01000A0C06200000C07F00000000735704BF0000000000000000000080400D290000000011001F01130D
1681890141.3100922 < rcv 100 21000A2F01DC5E6D42661E803EA48BC7BE230D3E16005050 e B F r f-1
1681890141.3106582 > can send 8002 01000A0C06200000C07F00000000A06C07BF0000000000000000000080400D290000000011001F01130D
1681890141.3126166 < rcv 200 21000A2F0196608342B247823E4CFE11BF230D3F15005050 e B F r f-1
1681890141.3178427 > can send 8001 01000A0C06200000C07F000000001B09C4BE0000000000000000000080400D290000000011001F01130D
1681890141.3197672 < rcv 100 21000A2F0184616D42E418863E8701EABE230D3E16005050 e B F r f-1
1681890141.3203118 > can send 8002 01000A0C06200000C07F00000000DD2BC9BE0000000000000000000080400D290000000011001F01130D
1681890141.3225188 < rcv 200 21000A2F01F66183421B69883E3A8912BF230D3F15005050 e B F r f-1
1681890141.3274336 > can send 8001 01000A0C06200000C07F0000000068453BBE0000000000000000000080400D290000000011001F01130D
1681890141.3294058 < rcv 100 21000A2F0134646D42C531893EF0ED8EBE230D3E16005050 e B F r f-1
1681890141.3299313 > can send 8002 01000A0C06200000C07F00000000EE8A45BE0000000000000000000080400D290000000011001F01130D
1681890141.3317766 < rcv 200 21000A2F013E638342F92D883EB086B5BE230D3F15005050 e B F r f-1
1681890141.3361142 > can send 8001 01000A0C06200000C07F000000001B09C4BE0000000000000000000080400D290000000011001F01130D
1681890141.3380456 < rcv 100 21000A2F01AC666D42F80A8C3E9D6F0EBE230D3E16005050 e B F r f-1
1681890141.3385932 > can send 8002 01000A0C06200000C07F00000000DD2BC9BE0000000000000000000080400D290000000011001F01130D
1681890141.3406498 < rcv 200 21000A2F01786483423BFF893E047D2EBE230D3F15005050 e B F r f-1
1681890141.352725 > can send 8001 01000A0C06200000C07F000000004032EABE0000000000000000000080400D290000000011001F01130D
1681890141.3545997 < rcv 100 21000A2F018C6B6D42656E913E3C84BABE230D3E16005050 e B F r f-1
1681890141.3551607 > can send 8002 01000A0C06200000C07F000000005E9DF0BE0000000000000000000080400D290000000011001F01130D
1681890141.357017 < rcv 200 21000A2F01D66683427C468E3E3E8CB2BE230D3F15005050 e B F r f-1
1681890141.3613312 > can send 8001 01000A0C06200000C07F00000000DACB83BE0000000000000000000080400D290000000011001F01130D
1681890141.3632798 < rcv 100 21000A2F01206E6D427E2C943EF4E9EEBE230D3E16005050 e B F r f-1
1681890141.3638408 > can send 8002 01000A0C06200000C07F00000000F7368ABE0000000000000000000080400D290000000011001F01130D
1681890141.3657117 < rcv 200 21000A2F011E688342EB3E913E12ADC1BE230D3F15005050 e B F r f-1
1681890141.3698184 > can send 8001 01000A0C06200000C07F000000003CC24EBE0000000000000000000080400D290000000011001F01130D
1681890141.3717217 < rcv 100 21000A2F0198706D4227A1923E6593E2BE230D3E16005050 e B F r f-1
1681890141.372232 > can send 8002 01000A0C06200000C07F0000000027945EBE0000000000000000000080400D290000000011001F01130D
1681890141.3740997 < rcv 200 21000A2F0144698342FF078D3E266379BE230D3F15005050 e B F r f-1
1681890141.379093 > can send 8001 01000A0C06200000C07F0000000085C7CDBE0000000000000000000080400D290000000011001F01130D
1681890141.3814611 < rcv 100 21000A2F0168736D4287A4953E687363BE230D3E16005050 e B F r f-1
1681890141.3820126 > can send 8002 01000A0C06200000C07F000000007AB0D5BE0000000000000000000080400D290000000011001F01130D
1681890141.3839517 < rcv 200 21000A2F01BA6A8342720D913E8D1A99BE230D3F15005050 e B F r f-1
1681890141.387779 > can send 8001 01000A0C06200000C07F000000003CC24EBE0000000000000000000080400D290000000011001F01130D
1681890141.3897188 < rcv 100 21000A2F0110766D42B4B4973EFDE4D8BE230D3E16005050 e B F r f-1
1681890141.3902874 > can send 8002 01000A0C06200000C07F0000000027945EBE0000000000000000000080400D290000000011001F01130D
1681890141.392456 < rcv 200 21000A2F01006C834235FF933E05E6B6BE230D3F15005050 e B F r f-1
1681890141.3969615 > can send 8001 01000A0C06200000C07F00000000AF4B94BE0000000000000000000080400D290000000011001F01130D
1681890141.3989089 < rcv 100 21000A2F01D4786D428CE8963EAA6743BE230D3E16005050 e B F r f-1
1681890141.3994732 > can send 8002 01000A0C06200000C07F00000000FBA59DBE0000000000000000000080400D290000000011001F01130D
1681890141.4013326 < rcv 200 21000A2F01446D834270838F3E86B45ABE230D3F15005050 e B F r f-1
1681890141.4052958 > can send 8001 01000A0C06200000C07F00000000291591BE0000000000000000000080400D290000000011001F01130D
1681890141.4071865 < rcv 100 21000A2F014C7B6D42BA33963E16429DBE230D3E16005050 e B F r f-1
1681890141.4077313 > can send 8002 01000A0C06200000C07F00000000746F9ABE0000000000000000000080400D290000000011001F01130D
1681890141.4096525 < rcv 200 21000A2F017C6E83421E48913ECCA5BDBE230D3F15005050 e B F r f-1
1681890141.4135056 > can send 8001 01000A0C06200000C07F0000000036A492BE0000000000000000000080400D290000000011001F01130D
1681890141.4153883 < rcv 100 21000A2F01C47D6D42C2DE953E0CA7A8BE230D3E16005050 e B F r f-1
1681890141.4159324 > can send 8002 01000A0C06200000C07F0000000051ED9ABE0000000000000000000080400D290000000011001F01130D
1681890141.417856 < rcv 200 21000A2F01A26F83428F358F3E39B4ACBE230D3F15005050 e B F r f-1
1681890141.4217355 > can send 8001 01000A0C06200000C07F00000000A3C791BE0000000000000000000080400D290000000011001F01130D
1681890141.42362 < rcv 100 21000A2F0138806D421663963E43C584BE230D3E16005050 e B F r f-1
1681890141.4241657 > can send 8002 01000A0C06200000C07F00000000BE109ABE0000000000000000000080400D290000000011001F01130D
1681890141.4260097 < rcv 200 21000A2F01CA708342EE1C8D3EED95C2BE230D3F15005050 e B F r f-1
1681890141.429902 > can send 8001 01000A0C06200000C07F00000000A07715BE0000000000000000000080400D290000000011001F01130D
1681890141.4318898 < rcv 100 21000A2F019C826D422D8A923E44738DBE230D3E16005050 e B F r f-1
1681890141.4324577 > can send 8002 01000A0C06200000C07F0000000045CF2BBE0000000000000000000080400D290000000011001F01130D
1681890141.4343789 < rcv 200 21000A2F01E871834275D8883E98F99ABE230D3F15005050 e B F r f-1
1681890141.4389732 > can send 8001 01000A0C06200000C07F0000000040CC09BE0000000000000000000080400D290000000011001F01130D
1681890141.4408987 < rcv 100 21000A2F0138856D4216CB913E71E745BE230D3E16005050 e B F r f-1
1681890141.4415715 > can send 8002 01000A0C06200000C07F00000000E52320BE0000000000000000000080400D290000000011001F01130D
1681890141.443473 < rcv 200 21000A2F011A73834220F8843EE3562ABE230D3F15005050 e B F r f-1
1681890141.4488192 > can send 8001 01000A0C06200000C07F000000007F71EDBD0000000000000000000080400D290000000011001F01130D
1681890141.4514768 < rcv 100 21000A2F0100886D42FDD48E3EFC4627BE230D3E16005050 e B F r f-1
1681890141.4535613 > can send 8002 01000A0C06200000C07F000000002B330DBE0000000000000000000080400D290000000011001F01130D
1681890141.4554398 < rcv 200 21000A2F019A748342CC267F3E37C623BE230D3F15005050 e B F r f-1
1681890141.459372 > can send 8001 01000A0C06200000C07F00000000F3E63ABE0000000000000000000080400D290000000011001F01130D
1681890141.4617524 < rcv 100 21000A2F01DC8A6D42C1CB863E80421FBE230D3E16005050 e B F r f-1
1681890141.4622934 > can send 8002 01000A0C06200000C07F00000000BE3651BE0000000000000000000080400D290000000011001F01130D
1681890141.4641643 < rcv 200 21000A2F019A758342B0816F3EA6C1EDBD230D3F15005050 e B F r f-1
1681890141.470943 > can send 8001 01000A0C06200000C07F00000000FD7452BE0000000000000000000080400D290000000011001F01130D
1681890141.4729254 < rcv 100 21000A2F01A48D6D42D7637F3E7265E3BD230D3E16005050 e B F r f-1
1681890141.4735065 > can send 8002 01000A0C06200000C07F000000001C7F69BE0000000000000000000080400D290000000011001F01130D
1681890141.4753983 < rcv 200 21000A2F01DE768342EDD5643E6D8173BE230D3F16005050 e B F r f-1
1681890141.4801404 > can send 8001 01000011001F01130D
1681890141.4816952 < rcv 100 21000A2F01C88F6D42E629783E270355BE230D3E16005050 e B F r f-1
1681890141.4820673 > can send 8002 01000011001F01130D
1681890141.483242 < rcv 200 21000A2F01C0778342999B623E63E072BE230D3F15005050 e B F r f-1
