Determining if the pthread_create exist failed with the following output:
Change Dir: /home/bracketbot/Desktop/BracketBot/ORB_SLAM2-PythonBindings/build/CMakeFiles/CMakeTmp

Run Build Command:"/usr/bin/make" "cmTC_8dcaf/fast"
/usr/bin/make -f CMakeFiles/cmTC_8dcaf.dir/build.make CMakeFiles/cmTC_8dcaf.dir/build
make[1]: Entering directory '/home/bracketbot/Desktop/BracketBot/ORB_SLAM2-PythonBindings/build/CMakeFiles/CMakeTmp'
Building C object CMakeFiles/cmTC_8dcaf.dir/CheckSymbolExists.c.o
/usr/bin/cc   -fPIC    -o CMakeFiles/cmTC_8dcaf.dir/CheckSymbolExists.c.o   -c /home/bracketbot/Desktop/BracketBot/ORB_SLAM2-PythonBindings/build/CMakeFiles/CMakeTmp/CheckSymbolExists.c
Linking C executable cmTC_8dcaf
/usr/bin/cmake -E cmake_link_script CMakeFiles/cmTC_8dcaf.dir/link.txt --verbose=1
/usr/bin/cc -fPIC     -rdynamic CMakeFiles/cmTC_8dcaf.dir/CheckSymbolExists.c.o  -o cmTC_8dcaf 
CMakeFiles/cmTC_8dcaf.dir/CheckSymbolExists.c.o: In function `main':
CheckSymbolExists.c:(.text+0x14): undefined reference to `pthread_create'
CheckSymbolExists.c:(.text+0x18): undefined reference to `pthread_create'
collect2: error: ld returned 1 exit status
CMakeFiles/cmTC_8dcaf.dir/build.make:97: recipe for target 'cmTC_8dcaf' failed
make[1]: *** [cmTC_8dcaf] Error 1
make[1]: Leaving directory '/home/bracketbot/Desktop/BracketBot/ORB_SLAM2-PythonBindings/build/CMakeFiles/CMakeTmp'
Makefile:126: recipe for target 'cmTC_8dcaf/fast' failed
make: *** [cmTC_8dcaf/fast] Error 2

File /home/bracketbot/Desktop/BracketBot/ORB_SLAM2-PythonBindings/build/CMakeFiles/CMakeTmp/CheckSymbolExists.c:
/* */
#include <pthread.h>

int main(int argc, char** argv)
{
  (void)argv;
#ifndef pthread_create
  return ((int*)(&pthread_create))[argc];
#else
  (void)argc;
  return 0;
#endif
}

Determining if the function pthread_create exists in the pthreads failed with the following output:
Change Dir: /home/bracketbot/Desktop/BracketBot/ORB_SLAM2-PythonBindings/build/CMakeFiles/CMakeTmp

Run Build Command:"/usr/bin/make" "cmTC_83aac/fast"
/usr/bin/make -f CMakeFiles/cmTC_83aac.dir/build.make CMakeFiles/cmTC_83aac.dir/build
make[1]: Entering directory '/home/bracketbot/Desktop/BracketBot/ORB_SLAM2-PythonBindings/build/CMakeFiles/CMakeTmp'
Building C object CMakeFiles/cmTC_83aac.dir/CheckFunctionExists.c.o
/usr/bin/cc   -fPIC -DCHECK_FUNCTION_EXISTS=pthread_create   -o CMakeFiles/cmTC_83aac.dir/CheckFunctionExists.c.o   -c /usr/share/cmake-3.10/Modules/CheckFunctionExists.c
Linking C executable cmTC_83aac
/usr/bin/cmake -E cmake_link_script CMakeFiles/cmTC_83aac.dir/link.txt --verbose=1
/usr/bin/cc -fPIC -DCHECK_FUNCTION_EXISTS=pthread_create    -rdynamic CMakeFiles/cmTC_83aac.dir/CheckFunctionExists.c.o  -o cmTC_83aac -lpthreads 
/usr/bin/ld: cannot find -lpthreads
collect2: error: ld returned 1 exit status
CMakeFiles/cmTC_83aac.dir/build.make:97: recipe for target 'cmTC_83aac' failed
make[1]: *** [cmTC_83aac] Error 1
make[1]: Leaving directory '/home/bracketbot/Desktop/BracketBot/ORB_SLAM2-PythonBindings/build/CMakeFiles/CMakeTmp'
Makefile:126: recipe for target 'cmTC_83aac/fast' failed
make: *** [cmTC_83aac/fast] Error 2


