Determining if the pthread_create exist failed with the following output:
Change Dir: /home/bracketbot/Desktop/BracketBot/ORBSLAM2-pushable/build/CMakeFiles/CMakeTmp

Run Build Command:"/usr/bin/make" "cmTC_a1768/fast"
/usr/bin/make -f CMakeFiles/cmTC_a1768.dir/build.make CMakeFiles/cmTC_a1768.dir/build
make[1]: Entering directory '/home/bracketbot/Desktop/BracketBot/ORBSLAM2-pushable/build/CMakeFiles/CMakeTmp'
Building C object CMakeFiles/cmTC_a1768.dir/CheckSymbolExists.c.o
/usr/bin/cc   -fPIC    -o CMakeFiles/cmTC_a1768.dir/CheckSymbolExists.c.o   -c /home/bracketbot/Desktop/BracketBot/ORBSLAM2-pushable/build/CMakeFiles/CMakeTmp/CheckSymbolExists.c
Linking C executable cmTC_a1768
/usr/bin/cmake -E cmake_link_script CMakeFiles/cmTC_a1768.dir/link.txt --verbose=1
/usr/bin/cc -fPIC     -rdynamic CMakeFiles/cmTC_a1768.dir/CheckSymbolExists.c.o  -o cmTC_a1768 
CMakeFiles/cmTC_a1768.dir/CheckSymbolExists.c.o: In function `main':
CheckSymbolExists.c:(.text+0x14): undefined reference to `pthread_create'
CheckSymbolExists.c:(.text+0x18): undefined reference to `pthread_create'
collect2: error: ld returned 1 exit status
CMakeFiles/cmTC_a1768.dir/build.make:97: recipe for target 'cmTC_a1768' failed
make[1]: *** [cmTC_a1768] Error 1
make[1]: Leaving directory '/home/bracketbot/Desktop/BracketBot/ORBSLAM2-pushable/build/CMakeFiles/CMakeTmp'
Makefile:126: recipe for target 'cmTC_a1768/fast' failed
make: *** [cmTC_a1768/fast] Error 2

File /home/bracketbot/Desktop/BracketBot/ORBSLAM2-pushable/build/CMakeFiles/CMakeTmp/CheckSymbolExists.c:
/* */
#include <pthread.h>

int main(int argc, char** argv)
{
  (void)argv;
#ifndef pthread_create
  return ((int*)(&pthread_create))[argc];
#else
  (void)argc;
  return 0;
#endif
}

Determining if the function pthread_create exists in the pthreads failed with the following output:
Change Dir: /home/bracketbot/Desktop/BracketBot/ORBSLAM2-pushable/build/CMakeFiles/CMakeTmp

Run Build Command:"/usr/bin/make" "cmTC_9fa80/fast"
/usr/bin/make -f CMakeFiles/cmTC_9fa80.dir/build.make CMakeFiles/cmTC_9fa80.dir/build
make[1]: Entering directory '/home/bracketbot/Desktop/BracketBot/ORBSLAM2-pushable/build/CMakeFiles/CMakeTmp'
Building C object CMakeFiles/cmTC_9fa80.dir/CheckFunctionExists.c.o
/usr/bin/cc   -fPIC -DCHECK_FUNCTION_EXISTS=pthread_create   -o CMakeFiles/cmTC_9fa80.dir/CheckFunctionExists.c.o   -c /usr/share/cmake-3.10/Modules/CheckFunctionExists.c
Linking C executable cmTC_9fa80
/usr/bin/cmake -E cmake_link_script CMakeFiles/cmTC_9fa80.dir/link.txt --verbose=1
/usr/bin/cc -fPIC -DCHECK_FUNCTION_EXISTS=pthread_create    -rdynamic CMakeFiles/cmTC_9fa80.dir/CheckFunctionExists.c.o  -o cmTC_9fa80 -lpthreads 
/usr/bin/ld: cannot find -lpthreads
collect2: error: ld returned 1 exit status
CMakeFiles/cmTC_9fa80.dir/build.make:97: recipe for target 'cmTC_9fa80' failed
make[1]: *** [cmTC_9fa80] Error 1
make[1]: Leaving directory '/home/bracketbot/Desktop/BracketBot/ORBSLAM2-pushable/build/CMakeFiles/CMakeTmp'
Makefile:126: recipe for target 'cmTC_9fa80/fast' failed
make: *** [cmTC_9fa80/fast] Error 2


