Determining if the pthread_create exist failed with the following output:
Change Dir: /home/bracketbot/Desktop/BracketBot/ORB_SLAM2/build/CMakeFiles/CMakeTmp

Run Build Command:"/usr/bin/make" "cmTC_f657b/fast"
/usr/bin/make -f CMakeFiles/cmTC_f657b.dir/build.make CMakeFiles/cmTC_f657b.dir/build
make[1]: Entering directory '/home/bracketbot/Desktop/BracketBot/ORB_SLAM2/build/CMakeFiles/CMakeTmp'
Building C object CMakeFiles/cmTC_f657b.dir/CheckSymbolExists.c.o
/usr/bin/cc   -fPIC    -o CMakeFiles/cmTC_f657b.dir/CheckSymbolExists.c.o   -c /home/bracketbot/Desktop/BracketBot/ORB_SLAM2/build/CMakeFiles/CMakeTmp/CheckSymbolExists.c
Linking C executable cmTC_f657b
/usr/bin/cmake -E cmake_link_script CMakeFiles/cmTC_f657b.dir/link.txt --verbose=1
/usr/bin/cc -fPIC     -rdynamic CMakeFiles/cmTC_f657b.dir/CheckSymbolExists.c.o  -o cmTC_f657b 
CMakeFiles/cmTC_f657b.dir/CheckSymbolExists.c.o: In function `main':
CheckSymbolExists.c:(.text+0x14): undefined reference to `pthread_create'
CheckSymbolExists.c:(.text+0x18): undefined reference to `pthread_create'
collect2: error: ld returned 1 exit status
CMakeFiles/cmTC_f657b.dir/build.make:97: recipe for target 'cmTC_f657b' failed
make[1]: *** [cmTC_f657b] Error 1
make[1]: Leaving directory '/home/bracketbot/Desktop/BracketBot/ORB_SLAM2/build/CMakeFiles/CMakeTmp'
Makefile:126: recipe for target 'cmTC_f657b/fast' failed
make: *** [cmTC_f657b/fast] Error 2

File /home/bracketbot/Desktop/BracketBot/ORB_SLAM2/build/CMakeFiles/CMakeTmp/CheckSymbolExists.c:
/* */
#include <pthread.h>

int main(int argc, char** argv)
{
  (void)argv;
#ifndef pthread_create
  return ((int*)(&pthread_create))[argc];
#else
  (void)argc;
  return 0;
#endif
}

Determining if the function pthread_create exists in the pthreads failed with the following output:
Change Dir: /home/bracketbot/Desktop/BracketBot/ORB_SLAM2/build/CMakeFiles/CMakeTmp

Run Build Command:"/usr/bin/make" "cmTC_a0f1a/fast"
/usr/bin/make -f CMakeFiles/cmTC_a0f1a.dir/build.make CMakeFiles/cmTC_a0f1a.dir/build
make[1]: Entering directory '/home/bracketbot/Desktop/BracketBot/ORB_SLAM2/build/CMakeFiles/CMakeTmp'
Building C object CMakeFiles/cmTC_a0f1a.dir/CheckFunctionExists.c.o
/usr/bin/cc   -fPIC -DCHECK_FUNCTION_EXISTS=pthread_create   -o CMakeFiles/cmTC_a0f1a.dir/CheckFunctionExists.c.o   -c /usr/share/cmake-3.10/Modules/CheckFunctionExists.c
Linking C executable cmTC_a0f1a
/usr/bin/cmake -E cmake_link_script CMakeFiles/cmTC_a0f1a.dir/link.txt --verbose=1
/usr/bin/cc -fPIC -DCHECK_FUNCTION_EXISTS=pthread_create    -rdynamic CMakeFiles/cmTC_a0f1a.dir/CheckFunctionExists.c.o  -o cmTC_a0f1a -lpthreads 
/usr/bin/ld: cannot find -lpthreads
collect2: error: ld returned 1 exit status
CMakeFiles/cmTC_a0f1a.dir/build.make:97: recipe for target 'cmTC_a0f1a' failed
make[1]: *** [cmTC_a0f1a] Error 1
make[1]: Leaving directory '/home/bracketbot/Desktop/BracketBot/ORB_SLAM2/build/CMakeFiles/CMakeTmp'
Makefile:126: recipe for target 'cmTC_a0f1a/fast' failed
make: *** [cmTC_a0f1a/fast] Error 2


